#! /usr/bin/vvp
:ivl_version "0.9.5 " "(v0_9_5)";
:vpi_time_precision - 11;
:vpi_module "system";
:vpi_module "v2005_math";
:vpi_module "va_math";
S_0x94121c8 .scope module, "pacoblaze3_tb" "pacoblaze3_tb" 2 50;
 .timescale -10 -11;
P_0x93f2c84 .param/l "program_cycles" 2 52, +C4<011111010000>;
P_0x93f2c98 .param/l "tck" 2 52, +C4<01010>;
L_0x9446c10 .functor BUFZ 8, L_0x9446bc0, C4<00000000>, C4<00000000>, C4<00000000>;
v0x94466c8_0 .net *"_s0", 7 0, L_0x9446bc0; 1 drivers
v0x9446718_0 .net "addr", 9 0, L_0x944a200; 1 drivers
v0x9446768_0 .var "clk", 0 0;
v0x94467b8_0 .net "din", 17 0, v0x94464d0_0; 1 drivers
v0x9446808_0 .var/i "i", 31 0;
v0x9446858_0 .net "iak", 0 0, v0x9445270_0; 1 drivers
v0x94468a8_0 .var "irq", 0 0;
v0x94468f8_0 .net "pid", 7 0, L_0x944a560; 1 drivers
v0x9446948_0 .net "pin", 7 0, L_0x9446c10; 1 drivers
v0x9446998 .array "port", 255 0, 7 0;
v0x94469e8_0 .net "pout", 7 0, L_0x944a270; 1 drivers
v0x9446a38_0 .net "ren", 0 0, v0x9445750_0; 1 drivers
v0x9446ac0_0 .var "rst", 0 0;
v0x9446b10_0 .net "wen", 0 0, v0x9445de0_0; 1 drivers
E_0x93c78e0 .event negedge, v0x943ec48_0;
L_0x9446bc0 .array/port v0x9446998, L_0x944a560;
S_0x9445ee8 .scope module, "rom" "blockram" 2 69, 3 33, S_0x94121c8;
 .timescale -10 -11;
P_0x9441f9c .param/l "depth" 3 37, +C4<01010>;
P_0x9441fb0 .param/l "size" 3 37, C4<00000000000000000000010000000000>;
P_0x9441fc4 .param/l "width" 3 37, +C4<010010>;
v0x9445fb8_0 .alias "addr", 9 0, v0x9446718_0;
v0x9446068_0 .net "clk", 0 0, v0x9446768_0; 1 drivers
v0x9446480_0 .net "din", 17 0, C4<000000000000000000>; 1 drivers
v0x94464d0_0 .var "dout", 17 0;
v0x9446520_0 .net "enb", 0 0, C4<1>; 1 drivers
v0x9446570 .array "ram", 1023 0, 17 0;
v0x94465c0_0 .net "rst", 0 0, v0x9446ac0_0; 1 drivers
v0x9446678_0 .net "wen", 0 0, C4<0>; 1 drivers
S_0x9416d80 .scope module, "dut" "pacoblaze3" 2 80, 4 60, S_0x94121c8;
 .timescale -10 -11;
L_0x9448c90 .functor OR 1, L_0x9448bf0, L_0x9448c40, C4<0>, C4<0>;
L_0x9448d88 .functor OR 1, L_0x9448c90, L_0x9448d38, C4<0>, C4<0>;
L_0x9448e80 .functor OR 1, L_0x9448d88, L_0x9448e30, C4<0>, C4<0>;
L_0x9448f78 .functor OR 1, L_0x9448e80, L_0x9448f28, C4<0>, C4<0>;
L_0x9449070 .functor OR 1, L_0x9448f78, L_0x9449020, C4<0>, C4<0>;
L_0x9447ab0 .functor OR 1, L_0x9449070, L_0x9449118, C4<0>, C4<0>;
L_0x9449340 .functor OR 1, L_0x9447ab0, L_0x94492f0, C4<0>, C4<0>;
L_0x9449438 .functor OR 1, L_0x9449340, L_0x94493e8, C4<0>, C4<0>;
L_0x9449530 .functor OR 1, L_0x9449438, L_0x94494e0, C4<0>, C4<0>;
L_0x94497f0 .functor BUFZ 10, v0x9445910_0, C4<0000000000>, C4<0000000000>, C4<0000000000>;
L_0x944a200 .functor BUFZ 10, v0x9445910_0, C4<0000000000>, C4<0000000000>, C4<0000000000>;
L_0x944a270 .functor BUFZ 8, L_0x9444fb0, C4<00000000>, C4<00000000>, C4<00000000>;
L_0x944a6a0 .functor AND 1, L_0x944a740, v0x9444908_0, C4<1>, C4<1>;
L_0x944a820 .functor OR 1, L_0x944a6f0, L_0x944a6a0, C4<0>, C4<0>;
L_0x94450c0 .functor NOT 1, v0x9444908_0, C4<0>, C4<0>, C4<0>;
L_0x944a9b8 .functor AND 1, L_0x944a450, L_0x94450c0, C4<1>, C4<1>;
L_0x944aaa8 .functor OR 1, L_0x944a820, L_0x944a9b8, C4<0>, C4<0>;
L_0x944a790 .functor AND 1, L_0x944ab78, v0x9445e30_0, C4<1>, C4<1>;
L_0x944aa60 .functor OR 1, L_0x944aaa8, L_0x944a790, C4<0>, C4<0>;
L_0x944ae20 .functor NOT 1, v0x9445e30_0, C4<0>, C4<0>, C4<0>;
L_0x944ac98 .functor AND 1, L_0x944a8f0, L_0x944ae20, C4<1>, C4<1>;
L_0x944af58 .functor OR 1, L_0x944aa60, L_0x944ac98, C4<0>, C4<0>;
L_0x944b330 .functor OR 1, L_0x944b1a8, L_0x944b1f8, C4<0>, C4<0>;
L_0x944b4c0 .functor AND 1, L_0x944ad80, L_0x944b330, C4<1>, C4<1>;
L_0x944b630 .functor AND 1, L_0x944ad80, L_0x944b0d0, C4<1>, C4<1>;
L_0x944b6a0 .functor OR 1, L_0x944b630, L_0x944b2b8, C4<0>, C4<0>;
L_0x944bc70 .functor OR 1, L_0x944b1a8, L_0x944b1f8, C4<0>, C4<0>;
L_0x944bca8 .functor AND 1, L_0x944ad80, L_0x944bc70, C4<1>, C4<1>;
L_0x944b748 .functor OR 1, v0x9445360_0, L_0x944bca8, C4<0>, C4<0>;
L_0x944bdf8 .functor OR 1, L_0x944b748, L_0x944b2b8, C4<0>, C4<0>;
L_0x944c3d8 .functor AND 1, v0x94468a8_0, v0x9445310_0, C4<1>, C4<1>;
L_0x944c448 .functor OR 1, L_0x944a650, v0x9445d90_0, C4<0>, C4<0>;
L_0x944be68 .functor NOT 1, v0x9445d90_0, C4<0>, C4<0>, C4<0>;
L_0x944c578 .functor OR 1, L_0x944b1f8, L_0x944b0d0, C4<0>, C4<0>;
L_0x944b488 .functor AND 1, L_0x944ad80, L_0x944c578, C4<1>, C4<1>;
L_0x944c528 .functor OR 1, L_0x944b488, L_0x944b2b8, C4<0>, C4<0>;
L_0x944b710 .functor OR 1, L_0x944c528, v0x9445360_0, C4<0>, C4<0>;
L_0x944c650 .functor AND 1, L_0x944be68, L_0x944b710, C4<1>, C4<1>;
L_0x944c748 .functor AND 1, L_0x944ad80, L_0x944b0d0, C4<1>, C4<1>;
L_0x944b668 .functor OR 1, L_0x944c748, L_0x944b2b8, C4<0>, C4<0>;
L_0x944cbc0 .functor OR 1, v0x9445360_0, L_0x944ca38, C4<0>, C4<0>;
L_0x944cc60 .functor BUFZ 8, L_0x9444fb0, C4<00000000>, C4<00000000>, C4<00000000>;
v0x94423a8_0 .net *"_s1", 0 0, L_0x9448bf0; 1 drivers
v0x94423f8_0 .net *"_s100", 0 0, L_0x944ae20; 1 drivers
v0x9442448_0 .net *"_s102", 0 0, L_0x944ac98; 1 drivers
v0x9442498_0 .net *"_s104", 0 0, L_0x944af58; 1 drivers
v0x94424e8_0 .net/s *"_s106", 0 0, C4<1>; 1 drivers
v0x9442538_0 .net/s *"_s108", 0 0, C4<0>; 1 drivers
v0x9442598_0 .net *"_s11", 0 0, L_0x9448e30; 1 drivers
v0x94425f8_0 .net *"_s12", 0 0, L_0x9448e80; 1 drivers
v0x9442658_0 .net *"_s124", 32 0, C4<000000000000000000000001111111111>; 1 drivers
v0x94426b8_0 .net *"_s126", 0 0, L_0x944b330; 1 drivers
v0x9442718_0 .net *"_s128", 0 0, L_0x944b4c0; 1 drivers
v0x9442778_0 .net *"_s130", 32 0, L_0x944b000; 1 drivers
v0x94427d8_0 .net *"_s133", 22 0, C4<00000000000000000000000>; 1 drivers
v0x9442838_0 .net *"_s134", 0 0, L_0x944b630; 1 drivers
v0x9442898_0 .net *"_s136", 0 0, L_0x944b6a0; 1 drivers
v0x94428f8_0 .net *"_s138", 32 0, L_0x944b568; 1 drivers
v0x94429a0_0 .net *"_s141", 22 0, C4<00000000000000000000000>; 1 drivers
v0x9442a00_0 .net *"_s142", 32 0, L_0x944b840; 1 drivers
v0x9442aa0_0 .net *"_s145", 22 0, C4<00000000000000000000000>; 1 drivers
v0x9442af0_0 .net *"_s146", 32 0, L_0x944b8f0; 1 drivers
v0x9442a50_0 .net *"_s148", 32 0, L_0x944ba08; 1 drivers
v0x9442b98_0 .net *"_s15", 0 0, L_0x9448f28; 1 drivers
v0x9442c48_0 .net *"_s150", 32 0, L_0x944bb00; 1 drivers
v0x9442c98_0 .net *"_s154", 0 0, L_0x944bc70; 1 drivers
v0x9442be8_0 .net *"_s156", 0 0, L_0x944bca8; 1 drivers
v0x9442d50_0 .net *"_s158", 0 0, L_0x944b748; 1 drivers
v0x9442ce8_0 .net *"_s16", 0 0, L_0x9448f78; 1 drivers
v0x9442e10_0 .net *"_s160", 0 0, L_0x944bdf8; 1 drivers
v0x9442da0_0 .net *"_s162", 10 0, L_0x944bd48; 1 drivers
v0x9442ed8_0 .net *"_s165", 0 0, C4<0>; 1 drivers
v0x9442e60_0 .net *"_s166", 31 0, L_0x944bb88; 1 drivers
v0x9442fa8_0 .net *"_s169", 21 0, C4<0000000000000000000000>; 1 drivers
v0x9442f28_0 .net *"_s170", 31 0, C4<00000000000000000000000000000001>; 1 drivers
v0x9443080_0 .net *"_s172", 31 0, L_0x944c0a8; 1 drivers
v0x9442ff8_0 .net *"_s174", 31 0, L_0x944c020; 1 drivers
v0x9443160_0 .net *"_s177", 20 0, C4<000000000000000000000>; 1 drivers
v0x94430d0_0 .net *"_s178", 31 0, L_0x944bf20; 1 drivers
v0x9443248_0 .net *"_s186", 0 0, L_0x944be68; 1 drivers
v0x94431b0_0 .net *"_s188", 0 0, L_0x944c578; 1 drivers
v0x9443338_0 .net *"_s19", 0 0, L_0x9449020; 1 drivers
v0x9443298_0 .net *"_s190", 0 0, L_0x944b488; 1 drivers
v0x9443430_0 .net *"_s192", 0 0, L_0x944c528; 1 drivers
v0x9443388_0 .net *"_s194", 0 0, L_0x944b710; 1 drivers
v0x9443530_0 .net *"_s198", 0 0, L_0x944c748; 1 drivers
v0x9443480_0 .net *"_s20", 0 0, L_0x9449070; 1 drivers
v0x94434d0_0 .net *"_s200", 0 0, L_0x944b668; 1 drivers
v0x9443640_0 .net/s *"_s202", 1 0, C4<00>; 1 drivers
v0x9443690_0 .net/s *"_s204", 1 0, C4<01>; 1 drivers
v0x9443580_0 .net *"_s206", 1 0, L_0x944c8b0; 1 drivers
v0x94435e0_0 .net/s *"_s208", 1 0, C4<00>; 1 drivers
v0x94437b0_0 .net *"_s210", 0 0, L_0x944ca38; 1 drivers
v0x9443800_0 .net *"_s216", 1 0, L_0x944c990; 1 drivers
v0x94436e0_0 .net *"_s219", 0 0, C4<0>; 1 drivers
v0x9443740_0 .net *"_s220", 1 0, C4<00>; 1 drivers
v0x9443930_0 .net *"_s222", 0 0, L_0x944caf8; 1 drivers
v0x9443980_0 .net *"_s226", 7 0, L_0x944cdb0; 1 drivers
v0x9443850_0 .net *"_s23", 0 0, L_0x9449118; 1 drivers
v0x94438b0_0 .net *"_s24", 0 0, L_0x9447ab0; 1 drivers
v0x9443ac0_0 .net *"_s27", 0 0, L_0x94492f0; 1 drivers
v0x9443b10_0 .net *"_s28", 0 0, L_0x9449340; 1 drivers
v0x94439d0_0 .net *"_s3", 0 0, L_0x9448c40; 1 drivers
v0x9443a30_0 .net *"_s31", 0 0, L_0x94493e8; 1 drivers
v0x9443c60_0 .net *"_s32", 0 0, L_0x9449438; 1 drivers
v0x9443cb0_0 .net *"_s35", 0 0, L_0x94494e0; 1 drivers
v0x9443b60_0 .net *"_s4", 0 0, L_0x9448c90; 1 drivers
v0x9443bc0_0 .net *"_s40", 1 0, L_0x9449e38; 1 drivers
v0x9443e10_0 .net *"_s43", 0 0, C4<0>; 1 drivers
v0x9443e60_0 .net *"_s44", 1 0, C4<00>; 1 drivers
v0x9443d00_0 .net *"_s46", 0 0, L_0x9449f38; 1 drivers
v0x9443d50_0 .net *"_s49", 5 0, L_0x9449ff8; 1 drivers
v0x9443db0_0 .net *"_s56", 1 0, L_0x944a348; 1 drivers
v0x9443fd0_0 .net *"_s59", 0 0, C4<0>; 1 drivers
v0x9443eb0_0 .net *"_s60", 1 0, C4<00>; 1 drivers
v0x9443f10_0 .net *"_s62", 0 0, L_0x9449ee8; 1 drivers
v0x9443f70_0 .net *"_s69", 0 0, L_0x944a6f0; 1 drivers
v0x9444150_0 .net *"_s7", 0 0, L_0x9448d38; 1 drivers
v0x9444020_0 .net *"_s70", 1 0, C4<10>; 1 drivers
v0x9444080_0 .net *"_s72", 0 0, L_0x944a740; 1 drivers
v0x94440e0_0 .net *"_s74", 0 0, L_0x944a6a0; 1 drivers
v0x94442e0_0 .net *"_s76", 0 0, L_0x944a820; 1 drivers
v0x94441a0_0 .net *"_s78", 1 0, C4<11>; 1 drivers
v0x9444200_0 .net *"_s8", 0 0, L_0x9448d88; 1 drivers
v0x9444260_0 .net *"_s80", 0 0, L_0x944a450; 1 drivers
v0x9444480_0 .net *"_s82", 0 0, L_0x94450c0; 1 drivers
v0x9444330_0 .net *"_s84", 0 0, L_0x944a9b8; 1 drivers
v0x9444380_0 .net *"_s86", 0 0, L_0x944aaa8; 1 drivers
v0x94443e0_0 .net *"_s88", 1 0, C4<00>; 1 drivers
v0x9444630_0 .net *"_s90", 0 0, L_0x944ab78; 1 drivers
v0x94444d0_0 .net *"_s92", 0 0, L_0x944a790; 1 drivers
v0x9444520_0 .net *"_s94", 0 0, L_0x944aa60; 1 drivers
v0x9444580_0 .net *"_s96", 1 0, C4<01>; 1 drivers
v0x94445e0_0 .net *"_s98", 0 0, L_0x944a8f0; 1 drivers
v0x94447f8_0 .alias "address", 9 0, v0x9446718_0;
v0x9444848_0 .net "alu_carry_out", 0 0, v0x94410a0_0; 1 drivers
v0x9444680_0 .net "alu_debug", 216 1, v0x9441008_0; 1 drivers
v0x94446f0_0 .net "alu_operand_a", 7 0, L_0x944cc60; 1 drivers
v0x9444760_0 .net "alu_operand_b", 7 0, L_0x944c328; 1 drivers
v0x9444a20_0 .net "alu_result", 7 0, v0x94412d8_0; 1 drivers
v0x9444898_0 .net "alu_zero_out", 0 0, L_0x9448b30; 1 drivers
v0x9444908_0 .var "carry", 0 0;
v0x9444978_0 .var "carry_saved", 0 0;
v0x94449c8_0 .alias "clk", 0 0, v0x9446068_0;
v0x9444c10_0 .net "conditional_match", 0 0, L_0x944ad80; 1 drivers
v0x9444c60_0 .net "idu_code_address", 9 0, L_0x9446f18; 1 drivers
v0x9444a70_0 .net "idu_condition_flags", 1 0, L_0x94473c0; 1 drivers
v0x9444ae0_0 .net "idu_conditional", 0 0, L_0x9447300; 1 drivers
v0x9444b50_0 .net "idu_debug", 256 1, v0x9441b50_0; 1 drivers
v0x9444bc0_0 .net "idu_implied_value", 7 0, L_0x9447448; 1 drivers
v0x9444e68_0 .net "idu_interrupt_enable", 0 0, L_0x9446dc0; 1 drivers
v0x9444ed8_0 .net "idu_operand_selection", 0 0, L_0x9446ec8; 1 drivers
v0x9444cd0_0 .net "idu_operation", 19 0, v0x9441ef8_0; 1 drivers
v0x9444d20_0 .net "idu_port_address", 7 0, L_0x9446fe0; 1 drivers
v0x9444d70_0 .net "idu_scratch_address", 5 0, L_0x94470a0; 1 drivers
v0x9444de0_0 .net "idu_shift_constant", 0 0, L_0x94472b0; 1 drivers
v0x94450f8_0 .net "idu_shift_direction", 0 0, L_0x9447128; 1 drivers
v0x9445180_0 .net "idu_shift_operation", 2 0, L_0x94471f0; 1 drivers
v0x9444f60_0 .net "idu_x_address", 3 0, L_0x9446e28; 1 drivers
v0x9444fe8_0 .net "idu_y_address", 3 0, L_0x9446e78; 1 drivers
v0x9445070_0 .alias "in_port", 7 0, v0x9446948_0;
v0x94453b0_0 .alias "instruction", 17 0, v0x94467b8_0;
v0x94451d0_0 .net "internal_reset", 0 0, L_0x944a650; 1 drivers
v0x9445220_0 .net "interrupt", 0 0, v0x94468a8_0; 1 drivers
v0x9445270_0 .var "interrupt_ack", 0 0;
v0x94452c0_0 .net "interrupt_assert", 0 0, L_0x944c3d8; 1 drivers
v0x9445310_0 .var "interrupt_enable", 0 0;
v0x9445360_0 .var "interrupt_latch", 0 0;
v0x9445600_0 .net "is_alu", 0 0, L_0x9449530; 1 drivers
v0x9445650_0 .net "is_call", 0 0, L_0x944b1f8; 1 drivers
v0x9445400_0 .net "is_fetch", 0 0, L_0x944b380; 1 drivers
v0x9445450_0 .net "is_input", 0 0, L_0x944b248; 1 drivers
v0x94454a0_0 .net "is_jump", 0 0, L_0x944b1a8; 1 drivers
v0x94454f0_0 .net "is_return", 0 0, L_0x944b0d0; 1 drivers
v0x9445540_0 .net "is_returni", 0 0, L_0x944b2b8; 1 drivers
v0x9445590_0 .alias "out_port", 7 0, v0x94469e8_0;
v0x94458c0_0 .alias "port_id", 7 0, v0x94468f8_0;
v0x9445910_0 .var "program_counter", 9 0;
v0x94456a0_0 .net "program_counter_next", 9 0, L_0x944c388; 1 drivers
v0x94456f0_0 .net "program_counter_source", 9 0, L_0x944bbe8; 1 drivers
v0x9445750_0 .var "read_strobe", 0 0;
v0x94457b0_0 .net "register_x_data_in", 7 0, L_0x944cfa8; 1 drivers
v0x9445820_0 .net "register_x_data_out", 7 0, L_0x9444fb0; 1 drivers
v0x9445870_0 .var "register_x_write_enable", 0 0;
v0x9445ba0_0 .net "register_y_data_out", 7 0, L_0x9445038; 1 drivers
v0x9445bf0_0 .alias "reset", 0 0, v0x94465c0_0;
v0x9445960_0 .var "reset_latch", 1 0;
v0x94459b0_0 .net "scratch_address", 5 0, L_0x944a048; 1 drivers
v0x9445a20_0 .net "scratch_data_out", 7 0, L_0x944a158; 1 drivers
v0x9445a90_0 .var "scratch_write_enable", 0 0;
v0x9445b00_0 .net "stack_data_in", 9 0, L_0x94497f0; 1 drivers
v0x9445e98_0 .net "stack_data_out", 9 0, L_0x9449d90; 1 drivers
v0x9445c40_0 .net "stack_push_pop", 0 0, L_0x944cbc0; 1 drivers
v0x9445cb0_0 .net "stack_update_enable", 0 0, L_0x944c650; 1 drivers
v0x9445d20_0 .net "stack_write_enable", 0 0, L_0x944c448; 1 drivers
v0x9445d90_0 .var "timing_control", 0 0;
v0x9445de0_0 .var "write_strobe", 0 0;
v0x9445e30_0 .var "zero", 0 0;
v0x9446160_0 .var "zero_carry_write_enable", 0 0;
v0x94461b0_0 .var "zero_saved", 0 0;
L_0x9448bf0 .part v0x9441ef8_0, 3, 1;
L_0x9448c40 .part v0x9441ef8_0, 4, 1;
L_0x9448d38 .part v0x9441ef8_0, 8, 1;
L_0x9448e30 .part v0x9441ef8_0, 1, 1;
L_0x9448f28 .part v0x9441ef8_0, 2, 1;
L_0x9449020 .part v0x9441ef8_0, 6, 1;
L_0x9449118 .part v0x9441ef8_0, 7, 1;
L_0x94492f0 .part v0x9441ef8_0, 5, 1;
L_0x94493e8 .part v0x9441ef8_0, 16, 1;
L_0x94494e0 .part v0x9441ef8_0, 17, 1;
L_0x9449e38 .concat [ 1 1 0 0], L_0x9446ec8, C4<0>;
L_0x9449f38 .cmp/eq 2, L_0x9449e38, C4<00>;
L_0x9449ff8 .part L_0x9445038, 0, 6;
L_0x944a048 .functor MUXZ 6, L_0x9449ff8, L_0x94470a0, L_0x9449f38, C4<>;
L_0x944a348 .concat [ 1 1 0 0], L_0x9446ec8, C4<0>;
L_0x9449ee8 .cmp/eq 2, L_0x944a348, C4<00>;
L_0x944a560 .functor MUXZ 8, L_0x9445038, L_0x9446fe0, L_0x9449ee8, C4<>;
L_0x944a650 .part v0x9445960_0, 1, 1;
L_0x944a6f0 .reduce/nor L_0x9447300;
L_0x944a740 .cmp/eq 2, L_0x94473c0, C4<10>;
L_0x944a450 .cmp/eq 2, L_0x94473c0, C4<11>;
L_0x944ab78 .cmp/eq 2, L_0x94473c0, C4<00>;
L_0x944a8f0 .cmp/eq 2, L_0x94473c0, C4<01>;
L_0x944ad80 .functor MUXZ 1, C4<0>, C4<1>, L_0x944af58, C4<>;
L_0x944b1a8 .part v0x9441ef8_0, 9, 1;
L_0x944b1f8 .part v0x9441ef8_0, 10, 1;
L_0x944b0d0 .part v0x9441ef8_0, 11, 1;
L_0x944b2b8 .part v0x9441ef8_0, 12, 1;
L_0x944b248 .part v0x9441ef8_0, 14, 1;
L_0x944b380 .part v0x9441ef8_0, 18, 1;
L_0x944b000 .concat [ 10 23 0 0], L_0x9446f18, C4<00000000000000000000000>;
L_0x944b568 .concat [ 10 23 0 0], L_0x9449d90, C4<00000000000000000000000>;
L_0x944b840 .concat [ 10 23 0 0], v0x9445910_0, C4<00000000000000000000000>;
L_0x944b8f0 .functor MUXZ 33, L_0x944b840, L_0x944b568, L_0x944b6a0, C4<>;
L_0x944ba08 .functor MUXZ 33, L_0x944b8f0, L_0x944b000, L_0x944b4c0, C4<>;
L_0x944bb00 .functor MUXZ 33, L_0x944ba08, C4<000000000000000000000001111111111>, v0x9445360_0, C4<>;
L_0x944bbe8 .part L_0x944bb00, 0, 10;
L_0x944bd48 .concat [ 10 1 0 0], L_0x944bbe8, C4<0>;
L_0x944bb88 .concat [ 10 22 0 0], L_0x944bbe8, C4<0000000000000000000000>;
L_0x944c0a8 .arith/sum 32, L_0x944bb88, C4<00000000000000000000000000000001>;
L_0x944bf20 .concat [ 11 21 0 0], L_0x944bd48, C4<000000000000000000000>;
L_0x944c020 .functor MUXZ 32, L_0x944c0a8, L_0x944bf20, L_0x944bdf8, C4<>;
L_0x944c388 .part L_0x944c020, 0, 10;
L_0x944c8b0 .functor MUXZ 2, C4<01>, C4<00>, L_0x944b668, C4<>;
L_0x944ca38 .cmp/ne 2, L_0x944c8b0, C4<00>;
L_0x944c990 .concat [ 1 1 0 0], L_0x9446ec8, C4<0>;
L_0x944caf8 .cmp/eq 2, L_0x944c990, C4<00>;
L_0x944c328 .functor MUXZ 8, L_0x9445038, L_0x9447448, L_0x944caf8, C4<>;
L_0x944cdb0 .functor MUXZ 8, v0x94412d8_0, L_0x9446c10, L_0x944b248, C4<>;
L_0x944cfa8 .functor MUXZ 8, L_0x944cdb0, L_0x944a158, L_0x944b380, C4<>;
S_0x94422d8 .scope task, "execute" "execute" 4 315, 4 315, S_0x9416d80;
 .timescale -10 -11;
v0x9442358_0 .var "operation", 19 0;
TD_pacoblaze3_tb.dut.execute ;
    %load/v 8, v0x9442358_0, 1; Only need 1 of 20 bits
; Save base=8 wid=1 in lookaside.
    %cmp/u 1, 8, 1;
    %jmp/1 T_0.0, 6;
    %ix/load 1, 3, 0;
    %mov 4, 0, 1;
    %jmp/1 T_0.19, 4;
    %load/x1p 8, v0x9442358_0, 1;
    %jmp T_0.20;
T_0.19 ;
    %mov 8, 2, 1;
T_0.20 ;
; Save base=8 wid=1 in lookaside.
    %cmp/u 1, 8, 1;
    %jmp/1 T_0.1, 6;
    %ix/load 1, 4, 0;
    %mov 4, 0, 1;
    %jmp/1 T_0.21, 4;
    %load/x1p 8, v0x9442358_0, 1;
    %jmp T_0.22;
T_0.21 ;
    %mov 8, 2, 1;
T_0.22 ;
; Save base=8 wid=1 in lookaside.
    %cmp/u 1, 8, 1;
    %jmp/1 T_0.2, 6;
    %ix/load 1, 8, 0;
    %mov 4, 0, 1;
    %jmp/1 T_0.23, 4;
    %load/x1p 8, v0x9442358_0, 1;
    %jmp T_0.24;
T_0.23 ;
    %mov 8, 2, 1;
T_0.24 ;
; Save base=8 wid=1 in lookaside.
    %cmp/u 1, 8, 1;
    %jmp/1 T_0.3, 6;
    %ix/load 1, 1, 0;
    %mov 4, 0, 1;
    %jmp/1 T_0.25, 4;
    %load/x1p 8, v0x9442358_0, 1;
    %jmp T_0.26;
T_0.25 ;
    %mov 8, 2, 1;
T_0.26 ;
; Save base=8 wid=1 in lookaside.
    %cmp/u 1, 8, 1;
    %jmp/1 T_0.4, 6;
    %ix/load 1, 2, 0;
    %mov 4, 0, 1;
    %jmp/1 T_0.27, 4;
    %load/x1p 8, v0x9442358_0, 1;
    %jmp T_0.28;
T_0.27 ;
    %mov 8, 2, 1;
T_0.28 ;
; Save base=8 wid=1 in lookaside.
    %cmp/u 1, 8, 1;
    %jmp/1 T_0.5, 6;
    %ix/load 1, 6, 0;
    %mov 4, 0, 1;
    %jmp/1 T_0.29, 4;
    %load/x1p 8, v0x9442358_0, 1;
    %jmp T_0.30;
T_0.29 ;
    %mov 8, 2, 1;
T_0.30 ;
; Save base=8 wid=1 in lookaside.
    %cmp/u 1, 8, 1;
    %jmp/1 T_0.6, 6;
    %ix/load 1, 7, 0;
    %mov 4, 0, 1;
    %jmp/1 T_0.31, 4;
    %load/x1p 8, v0x9442358_0, 1;
    %jmp T_0.32;
T_0.31 ;
    %mov 8, 2, 1;
T_0.32 ;
; Save base=8 wid=1 in lookaside.
    %cmp/u 1, 8, 1;
    %jmp/1 T_0.7, 6;
    %ix/load 1, 5, 0;
    %mov 4, 0, 1;
    %jmp/1 T_0.33, 4;
    %load/x1p 8, v0x9442358_0, 1;
    %jmp T_0.34;
T_0.33 ;
    %mov 8, 2, 1;
T_0.34 ;
; Save base=8 wid=1 in lookaside.
    %cmp/u 1, 8, 1;
    %jmp/1 T_0.8, 6;
    %ix/load 1, 12, 0;
    %mov 4, 0, 1;
    %jmp/1 T_0.35, 4;
    %load/x1p 8, v0x9442358_0, 1;
    %jmp T_0.36;
T_0.35 ;
    %mov 8, 2, 1;
T_0.36 ;
; Save base=8 wid=1 in lookaside.
    %cmp/u 1, 8, 1;
    %jmp/1 T_0.9, 6;
    %ix/load 1, 13, 0;
    %mov 4, 0, 1;
    %jmp/1 T_0.37, 4;
    %load/x1p 8, v0x9442358_0, 1;
    %jmp T_0.38;
T_0.37 ;
    %mov 8, 2, 1;
T_0.38 ;
; Save base=8 wid=1 in lookaside.
    %cmp/u 1, 8, 1;
    %jmp/1 T_0.10, 6;
    %ix/load 1, 14, 0;
    %mov 4, 0, 1;
    %jmp/1 T_0.39, 4;
    %load/x1p 8, v0x9442358_0, 1;
    %jmp T_0.40;
T_0.39 ;
    %mov 8, 2, 1;
T_0.40 ;
; Save base=8 wid=1 in lookaside.
    %cmp/u 1, 8, 1;
    %jmp/1 T_0.11, 6;
    %ix/load 1, 15, 0;
    %mov 4, 0, 1;
    %jmp/1 T_0.41, 4;
    %load/x1p 8, v0x9442358_0, 1;
    %jmp T_0.42;
T_0.41 ;
    %mov 8, 2, 1;
T_0.42 ;
; Save base=8 wid=1 in lookaside.
    %cmp/u 1, 8, 1;
    %jmp/1 T_0.12, 6;
    %ix/load 1, 16, 0;
    %mov 4, 0, 1;
    %jmp/1 T_0.43, 4;
    %load/x1p 8, v0x9442358_0, 1;
    %jmp T_0.44;
T_0.43 ;
    %mov 8, 2, 1;
T_0.44 ;
; Save base=8 wid=1 in lookaside.
    %cmp/u 1, 8, 1;
    %jmp/1 T_0.13, 6;
    %ix/load 1, 17, 0;
    %mov 4, 0, 1;
    %jmp/1 T_0.45, 4;
    %load/x1p 8, v0x9442358_0, 1;
    %jmp T_0.46;
T_0.45 ;
    %mov 8, 2, 1;
T_0.46 ;
; Save base=8 wid=1 in lookaside.
    %cmp/u 1, 8, 1;
    %jmp/1 T_0.14, 6;
    %ix/load 1, 18, 0;
    %mov 4, 0, 1;
    %jmp/1 T_0.47, 4;
    %load/x1p 8, v0x9442358_0, 1;
    %jmp T_0.48;
T_0.47 ;
    %mov 8, 2, 1;
T_0.48 ;
; Save base=8 wid=1 in lookaside.
    %cmp/u 1, 8, 1;
    %jmp/1 T_0.15, 6;
    %ix/load 1, 19, 0;
    %mov 4, 0, 1;
    %jmp/1 T_0.49, 4;
    %load/x1p 8, v0x9442358_0, 1;
    %jmp T_0.50;
T_0.49 ;
    %mov 8, 2, 1;
T_0.50 ;
; Save base=8 wid=1 in lookaside.
    %cmp/u 1, 8, 1;
    %jmp/1 T_0.16, 6;
    %jmp T_0.18;
T_0.0 ;
    %ix/load 0, 1, 0;
    %assign/v0 v0x9445870_0, 0, 1;
    %jmp T_0.18;
T_0.1 ;
    %ix/load 0, 1, 0;
    %assign/v0 v0x9445870_0, 0, 1;
    %ix/load 0, 1, 0;
    %assign/v0 v0x9446160_0, 0, 1;
    %jmp T_0.18;
T_0.2 ;
    %ix/load 0, 1, 0;
    %assign/v0 v0x9445870_0, 0, 1;
    %ix/load 0, 1, 0;
    %assign/v0 v0x9446160_0, 0, 1;
    %jmp T_0.18;
T_0.3 ;
    %ix/load 0, 1, 0;
    %assign/v0 v0x9445870_0, 0, 1;
    %ix/load 0, 1, 0;
    %assign/v0 v0x9446160_0, 0, 1;
    %jmp T_0.18;
T_0.4 ;
    %ix/load 0, 1, 0;
    %assign/v0 v0x9445870_0, 0, 1;
    %ix/load 0, 1, 0;
    %assign/v0 v0x9446160_0, 0, 1;
    %jmp T_0.18;
T_0.5 ;
    %ix/load 0, 1, 0;
    %assign/v0 v0x9445870_0, 0, 1;
    %ix/load 0, 1, 0;
    %assign/v0 v0x9446160_0, 0, 1;
    %jmp T_0.18;
T_0.6 ;
    %ix/load 0, 1, 0;
    %assign/v0 v0x9445870_0, 0, 1;
    %ix/load 0, 1, 0;
    %assign/v0 v0x9446160_0, 0, 1;
    %jmp T_0.18;
T_0.7 ;
    %ix/load 0, 1, 0;
    %assign/v0 v0x9445870_0, 0, 1;
    %ix/load 0, 1, 0;
    %assign/v0 v0x9446160_0, 0, 1;
    %jmp T_0.18;
T_0.8 ;
    %ix/load 0, 1, 0;
    %assign/v0 v0x9445870_0, 0, 1;
    %ix/load 0, 1, 0;
    %assign/v0 v0x9446160_0, 0, 1;
    %jmp T_0.18;
T_0.9 ;
    %load/v 8, v0x94461b0_0, 1;
    %ix/load 0, 1, 0;
    %assign/v0 v0x9445e30_0, 0, 8;
    %load/v 8, v0x9444978_0, 1;
    %ix/load 0, 1, 0;
    %assign/v0 v0x9444908_0, 0, 8;
    %load/v 8, v0x9444e68_0, 1;
    %ix/load 0, 1, 0;
    %assign/v0 v0x9445310_0, 0, 8;
    %jmp T_0.18;
T_0.10 ;
    %load/v 8, v0x9444e68_0, 1;
    %ix/load 0, 1, 0;
    %assign/v0 v0x9445310_0, 0, 8;
    %jmp T_0.18;
T_0.11 ;
    %ix/load 0, 1, 0;
    %assign/v0 v0x9445750_0, 0, 1;
    %ix/load 0, 1, 0;
    %assign/v0 v0x9445870_0, 0, 1;
    %jmp T_0.18;
T_0.12 ;
    %ix/load 0, 1, 0;
    %assign/v0 v0x9445de0_0, 0, 1;
    %jmp T_0.18;
T_0.13 ;
    %ix/load 0, 1, 0;
    %assign/v0 v0x9446160_0, 0, 1;
    %jmp T_0.18;
T_0.14 ;
    %ix/load 0, 1, 0;
    %assign/v0 v0x9446160_0, 0, 1;
    %jmp T_0.18;
T_0.15 ;
    %ix/load 0, 1, 0;
    %assign/v0 v0x9445870_0, 0, 1;
    %jmp T_0.18;
T_0.16 ;
    %ix/load 0, 1, 0;
    %assign/v0 v0x9445a90_0, 0, 1;
    %jmp T_0.18;
T_0.18 ;
    %end;
S_0x9441608 .scope module, "idu" "pacoblaze3_idu" 4 131, 5 47, S_0x9416d80;
 .timescale -10 -11;
v0x9441958_0 .net *"_s17", 1 0, L_0x94471a0; 1 drivers
v0x94419c8_0 .net *"_s21", 0 0, C4<0>; 1 drivers
v0x9441a28_0 .alias "code_address", 9 0, v0x9444c60_0;
v0x9441a88_0 .alias "condition_flags", 1 0, v0x9444a70_0;
v0x9441af0_0 .alias "conditional", 0 0, v0x9444ae0_0;
v0x9441b50_0 .var "debug", 256 1;
v0x9441bd0_0 .var "debug_conditional", 16 1;
v0x9441c30_0 .var "debug_interrupt", 56 1;
v0x9441cb8_0 .var "debug_operand", 40 1;
v0x9441d18_0 .alias "implied_value", 7 0, v0x9444bc0_0;
v0x9441d78_0 .alias "instruction", 17 0, v0x94467b8_0;
v0x9441dd8_0 .net "instruction_0", 4 0, L_0x9446d50; 1 drivers
v0x9441e38_0 .alias "interrupt_enable", 0 0, v0x9444e68_0;
v0x9441e98_0 .alias "operand_selection", 0 0, v0x9444ed8_0;
v0x9441ef8_0 .var "operation", 19 0;
v0x9441f48_0 .alias "port_address", 7 0, v0x9444d20_0;
v0x9441fe0_0 .alias "scratch_address", 5 0, v0x9444d70_0;
v0x9442040_0 .alias "shift_constant", 0 0, v0x9444de0_0;
v0x94420e0_0 .alias "shift_direction", 0 0, v0x94450f8_0;
v0x9442130_0 .alias "shift_operation", 2 0, v0x9445180_0;
v0x94421d8_0 .alias "x_address", 3 0, v0x9444f60_0;
v0x9442228_0 .alias "y_address", 3 0, v0x9444fe8_0;
E_0x9440358/0 .event edge, v0x9441a28_0, v0x9441c30_0, v0x9441bd0_0, v0x9441cb8_0;
E_0x9440358/1 .event edge, v0x9441498_0, v0x94413d8_0, v0x94414e8_0, v0x9441388_0;
E_0x9440358 .event/or E_0x9440358/0, E_0x9440358/1;
E_0x9441150 .event edge, v0x9441e38_0;
E_0x9441240 .event edge, v0x9441a88_0, v0x9441af0_0;
E_0x9441260 .event edge, v0x9441d18_0, v0x943fc00_0, v0x943faa0_0, v0x9441e98_0;
E_0x9441688 .event edge, v0x9441dd8_0;
L_0x9446d50 .part v0x94464d0_0, 13, 5;
L_0x9446e28 .part v0x94464d0_0, 8, 4;
L_0x9446e78 .part v0x94464d0_0, 4, 4;
L_0x9446ec8 .part v0x94464d0_0, 12, 1;
L_0x9446f18 .part v0x94464d0_0, 0, 10;
L_0x9446dc0 .part v0x94464d0_0, 0, 1;
L_0x94470a0 .part v0x94464d0_0, 0, 6;
L_0x9447128 .part v0x94464d0_0, 3, 1;
L_0x94471a0 .part v0x94464d0_0, 1, 2;
L_0x94471f0 .concat [ 2 1 0 0], L_0x94471a0, C4<0>;
L_0x94472b0 .part v0x94464d0_0, 0, 1;
L_0x9447300 .part v0x94464d0_0, 12, 1;
L_0x94473c0 .part v0x94464d0_0, 10, 2;
L_0x9447448 .part v0x94464d0_0, 0, 8;
L_0x9446fe0 .part v0x94464d0_0, 0, 8;
S_0x9441808 .scope function, "adrtohex" "adrtohex" 6 66, 6 66, S_0x9441608;
 .timescale -10 -11;
v0x9441888_0 .var "address", 17 0;
v0x94418f8_0 .var "adrtohex", 24 1;
TD_pacoblaze3_tb.dut.idu.adrtohex ;
    %load/v 8, v0x9441888_0, 4; Only need 4 of 18 bits
; Save base=8 wid=4 in lookaside.
    %set/v v0x9441738_0, 8, 4;
    %fork TD_pacoblaze3_tb.dut.idu.numtohex, S_0x94416b8;
    %join;
    %load/v  8, v0x94417a8_0, 8;
    %ix/load 0, 0, 0;
    %set/x0 v0x94418f8_0, 8, 8;
    %ix/load 1, 4, 0;
    %mov 4, 0, 1;
    %jmp/1 T_1.51, 4;
    %load/x1p 8, v0x9441888_0, 4;
    %jmp T_1.52;
T_1.51 ;
    %mov 8, 2, 4;
T_1.52 ;
; Save base=8 wid=4 in lookaside.
    %set/v v0x9441738_0, 8, 4;
    %fork TD_pacoblaze3_tb.dut.idu.numtohex, S_0x94416b8;
    %join;
    %load/v  8, v0x94417a8_0, 8;
    %ix/load 0, 8, 0;
    %set/x0 v0x94418f8_0, 8, 8;
    %ix/load 1, 8, 0;
    %mov 4, 0, 1;
    %jmp/1 T_1.53, 4;
    %load/x1p 12, v0x9441888_0, 2;
    %jmp T_1.54;
T_1.53 ;
    %mov 12, 2, 2;
T_1.54 ;
    %mov 8, 12, 2; Move signal select into place
    %mov 10, 0, 2;
    %set/v v0x9441738_0, 8, 4;
    %fork TD_pacoblaze3_tb.dut.idu.numtohex, S_0x94416b8;
    %join;
    %load/v  8, v0x94417a8_0, 8;
    %ix/load 0, 16, 0;
    %set/x0 v0x94418f8_0, 8, 8;
    %end;
S_0x94416b8 .scope function, "numtohex" "numtohex" 6 33, 6 33, S_0x9441608;
 .timescale -10 -11;
v0x9441738_0 .var "number", 3 0;
v0x94417a8_0 .var "numtohex", 8 1;
TD_pacoblaze3_tb.dut.idu.numtohex ;
    %load/v 8, v0x9441738_0, 4;
    %cmpi/u 8, 0, 4;
    %jmp/1 T_2.55, 6;
    %cmpi/u 8, 1, 4;
    %jmp/1 T_2.56, 6;
    %cmpi/u 8, 2, 4;
    %jmp/1 T_2.57, 6;
    %cmpi/u 8, 3, 4;
    %jmp/1 T_2.58, 6;
    %cmpi/u 8, 4, 4;
    %jmp/1 T_2.59, 6;
    %cmpi/u 8, 5, 4;
    %jmp/1 T_2.60, 6;
    %cmpi/u 8, 6, 4;
    %jmp/1 T_2.61, 6;
    %cmpi/u 8, 7, 4;
    %jmp/1 T_2.62, 6;
    %cmpi/u 8, 8, 4;
    %jmp/1 T_2.63, 6;
    %cmpi/u 8, 9, 4;
    %jmp/1 T_2.64, 6;
    %cmpi/u 8, 10, 4;
    %jmp/1 T_2.65, 6;
    %cmpi/u 8, 11, 4;
    %jmp/1 T_2.66, 6;
    %cmpi/u 8, 12, 4;
    %jmp/1 T_2.67, 6;
    %cmpi/u 8, 13, 4;
    %jmp/1 T_2.68, 6;
    %cmpi/u 8, 14, 4;
    %jmp/1 T_2.69, 6;
    %cmpi/u 8, 15, 4;
    %jmp/1 T_2.70, 6;
    %jmp T_2.71;
T_2.55 ;
    %movi 8, 48, 8;
    %set/v v0x94417a8_0, 8, 8;
    %jmp T_2.71;
T_2.56 ;
    %movi 8, 49, 8;
    %set/v v0x94417a8_0, 8, 8;
    %jmp T_2.71;
T_2.57 ;
    %movi 8, 50, 8;
    %set/v v0x94417a8_0, 8, 8;
    %jmp T_2.71;
T_2.58 ;
    %movi 8, 51, 8;
    %set/v v0x94417a8_0, 8, 8;
    %jmp T_2.71;
T_2.59 ;
    %movi 8, 52, 8;
    %set/v v0x94417a8_0, 8, 8;
    %jmp T_2.71;
T_2.60 ;
    %movi 8, 53, 8;
    %set/v v0x94417a8_0, 8, 8;
    %jmp T_2.71;
T_2.61 ;
    %movi 8, 54, 8;
    %set/v v0x94417a8_0, 8, 8;
    %jmp T_2.71;
T_2.62 ;
    %movi 8, 55, 8;
    %set/v v0x94417a8_0, 8, 8;
    %jmp T_2.71;
T_2.63 ;
    %movi 8, 56, 8;
    %set/v v0x94417a8_0, 8, 8;
    %jmp T_2.71;
T_2.64 ;
    %movi 8, 57, 8;
    %set/v v0x94417a8_0, 8, 8;
    %jmp T_2.71;
T_2.65 ;
    %movi 8, 97, 8;
    %set/v v0x94417a8_0, 8, 8;
    %jmp T_2.71;
T_2.66 ;
    %movi 8, 98, 8;
    %set/v v0x94417a8_0, 8, 8;
    %jmp T_2.71;
T_2.67 ;
    %movi 8, 99, 8;
    %set/v v0x94417a8_0, 8, 8;
    %jmp T_2.71;
T_2.68 ;
    %movi 8, 100, 8;
    %set/v v0x94417a8_0, 8, 8;
    %jmp T_2.71;
T_2.69 ;
    %movi 8, 101, 8;
    %set/v v0x94417a8_0, 8, 8;
    %jmp T_2.71;
T_2.70 ;
    %movi 8, 102, 8;
    %set/v v0x94417a8_0, 8, 8;
    %jmp T_2.71;
T_2.71 ;
    %end;
S_0x943fcc0 .scope module, "alu" "pacoblaze3_alu" 4 157, 7 46, S_0x9416d80;
 .timescale -10 -11;
L_0x94405e8 .functor OR 1, L_0x9447658, L_0x94476a8, C4<0>, C4<0>;
L_0x94477e8 .functor OR 1, L_0x94405e8, L_0x9447798, C4<0>, C4<0>;
L_0x9447890 .functor NOT 8, L_0x944c328, C4<00000000>, C4<00000000>, C4<00000000>;
L_0x94476f8 .functor OR 1, L_0x9447a10, L_0x9447a60, C4<0>, C4<0>;
L_0x9447c38 .functor NOT 1, v0x9444908_0, C4<0>, C4<0>, C4<0>;
v0x9440128_0 .net *"_s1", 0 0, L_0x9447658; 1 drivers
v0x9440198_0 .net *"_s10", 7 0, L_0x9447890; 1 drivers
v0x94401f8_0 .net *"_s15", 0 0, L_0x94479c0; 1 drivers
v0x9440258_0 .net *"_s17", 0 0, L_0x9447a10; 1 drivers
v0x94402a8_0 .net *"_s19", 0 0, L_0x9447a60; 1 drivers
v0x9440308_0 .net *"_s20", 0 0, L_0x94476f8; 1 drivers
v0x9440388_0 .net *"_s22", 0 0, C4<1>; 1 drivers
v0x94403e8_0 .net *"_s25", 0 0, L_0x9447be8; 1 drivers
v0x9440448_0 .net *"_s26", 0 0, L_0x9447c38; 1 drivers
v0x94404a8_0 .net *"_s28", 0 0, C4<0>; 1 drivers
v0x9440538_0 .net *"_s3", 0 0, L_0x94476a8; 1 drivers
v0x9440598_0 .net *"_s30", 0 0, L_0x9447cd0; 1 drivers
v0x9440630_0 .net *"_s32", 0 0, L_0x9447dc8; 1 drivers
v0x9440690_0 .net *"_s36", 8 0, L_0x9447f80; 1 drivers
v0x94406f0_0 .net *"_s39", 0 0, C4<0>; 1 drivers
v0x9440750_0 .net *"_s4", 0 0, L_0x94405e8; 1 drivers
v0x94407f8_0 .net *"_s40", 8 0, L_0x94480a0; 1 drivers
v0x9440858_0 .net *"_s43", 0 0, C4<0>; 1 drivers
v0x94408f8_0 .net *"_s44", 8 0, L_0x94481b0; 1 drivers
v0x9440948_0 .net *"_s46", 8 0, L_0x94482e0; 1 drivers
v0x94408a8_0 .net *"_s49", 7 0, C4<00000000>; 1 drivers
v0x94409f0_0 .net *"_s52", 2 0, C4<010>; 1 drivers
v0x9440aa0_0 .net *"_s54", 0 0, L_0x94484c0; 1 drivers
v0x9440af0_0 .net *"_s57", 0 0, L_0x9448578; 1 drivers
v0x9440a40_0 .net *"_s58", 2 0, C4<001>; 1 drivers
v0x9440ba8_0 .net *"_s60", 0 0, L_0x9448618; 1 drivers
v0x9440b40_0 .net *"_s63", 0 0, L_0x9448668; 1 drivers
v0x9440c68_0 .net *"_s64", 2 0, C4<000>; 1 drivers
v0x9440bf8_0 .net *"_s66", 0 0, L_0x9448778; 1 drivers
v0x9440d30_0 .net *"_s68", 0 0, L_0x9448800; 1 drivers
v0x9440cb8_0 .net *"_s7", 0 0, L_0x9447798; 1 drivers
v0x9440e00_0 .net *"_s70", 0 0, L_0x9448980; 1 drivers
v0x9440d80_0 .net *"_s8", 0 0, L_0x94477e8; 1 drivers
v0x9440ed8_0 .net "addsub_b", 7 0, L_0x9447900; 1 drivers
v0x9440e50_0 .net "addsub_carry", 0 0, L_0x9447ec0; 1 drivers
v0x9440fb8_0 .net "addsub_result", 8 0, L_0x9448390; 1 drivers
v0x9440f28_0 .net "carry_in", 0 0, v0x9444908_0; 1 drivers
v0x94410a0_0 .var "carry_out", 0 0;
v0x9441008_0 .var "debug", 216 1;
v0x9441190_0 .var "debug_cz", 56 1;
v0x94410f0_0 .var "debug_rabc", 144 1;
v0x9441288_0 .alias "operand_a", 7 0, v0x94446f0_0;
v0x94411e0_0 .alias "operand_b", 7 0, v0x9444760_0;
v0x9441388_0 .alias "operation", 19 0, v0x9444cd0_0;
v0x94412d8_0 .var "result", 7 0;
v0x9441328_0 .net "shift_bit", 0 0, L_0x9448a08; 1 drivers
v0x9441498_0 .alias "shift_constant", 0 0, v0x9444de0_0;
v0x94414e8_0 .alias "shift_direction", 0 0, v0x94450f8_0;
v0x94413d8_0 .alias "shift_operation", 2 0, v0x9445180_0;
v0x9441438_0 .alias "zero_out", 0 0, v0x9444898_0;
E_0x943edc0 .event edge, v0x9441190_0, v0x94410f0_0;
E_0x943fd60 .event edge, v0x9441438_0, v0x94410a0_0, v0x9440f28_0;
E_0x943fd90 .event edge, v0x94412d8_0, v0x94411e0_0, v0x9441288_0;
E_0x943fdc0/0 .event edge, v0x9440e50_0, v0x9440fb8_0, v0x94410a0_0, v0x9440f28_0;
E_0x943fdc0/1 .event edge, v0x94411e0_0, v0x9441288_0, v0x94412d8_0, v0x9441328_0;
E_0x943fdc0/2 .event edge, v0x9441498_0, v0x94414e8_0, v0x94413d8_0, v0x9441388_0;
E_0x943fdc0 .event/or E_0x943fdc0/0, E_0x943fdc0/1, E_0x943fdc0/2;
L_0x9447658 .part v0x9441ef8_0, 6, 1;
L_0x94476a8 .part v0x9441ef8_0, 7, 1;
L_0x9447798 .part v0x9441ef8_0, 16, 1;
L_0x9447900 .functor MUXZ 8, L_0x944c328, L_0x9447890, L_0x94477e8, C4<>;
L_0x94479c0 .part v0x9441ef8_0, 2, 1;
L_0x9447a10 .part v0x9441ef8_0, 6, 1;
L_0x9447a60 .part v0x9441ef8_0, 16, 1;
L_0x9447be8 .part v0x9441ef8_0, 7, 1;
L_0x9447cd0 .functor MUXZ 1, C4<0>, L_0x9447c38, L_0x9447be8, C4<>;
L_0x9447dc8 .functor MUXZ 1, L_0x9447cd0, C4<1>, L_0x94476f8, C4<>;
L_0x9447ec0 .functor MUXZ 1, L_0x9447dc8, v0x9444908_0, L_0x94479c0, C4<>;
L_0x9447f80 .concat [ 8 1 0 0], L_0x944cc60, C4<0>;
L_0x94480a0 .concat [ 8 1 0 0], L_0x9447900, C4<0>;
L_0x94481b0 .arith/sum 9, L_0x9447f80, L_0x94480a0;
L_0x94482e0 .concat [ 1 8 0 0], L_0x9447ec0, C4<00000000>;
L_0x9448390 .arith/sum 9, L_0x94481b0, L_0x94482e0;
L_0x94484c0 .cmp/eq 3, L_0x94471f0, C4<010>;
L_0x9448578 .part L_0x944cc60, 0, 1;
L_0x9448618 .cmp/eq 3, L_0x94471f0, C4<001>;
L_0x9448668 .part L_0x944cc60, 7, 1;
L_0x9448778 .cmp/eq 3, L_0x94471f0, C4<000>;
L_0x9448800 .functor MUXZ 1, L_0x94472b0, v0x9444908_0, L_0x9448778, C4<>;
L_0x9448980 .functor MUXZ 1, L_0x9448800, L_0x9448668, L_0x9448618, C4<>;
L_0x9448a08 .functor MUXZ 1, L_0x9448980, L_0x9448578, L_0x94484c0, C4<>;
L_0x9448b30 .reduce/nor v0x94412d8_0;
S_0x943ffd8 .scope function, "adrtohex" "adrtohex" 6 66, 6 66, S_0x943fcc0;
 .timescale -10 -11;
v0x9440058_0 .var "address", 17 0;
v0x94400c8_0 .var "adrtohex", 24 1;
TD_pacoblaze3_tb.dut.alu.adrtohex ;
    %load/v 8, v0x9440058_0, 4; Only need 4 of 18 bits
; Save base=8 wid=4 in lookaside.
    %set/v v0x943ff18_0, 8, 4;
    %fork TD_pacoblaze3_tb.dut.alu.numtohex, S_0x943fe98;
    %join;
    %load/v  8, v0x943ff78_0, 8;
    %ix/load 0, 0, 0;
    %set/x0 v0x94400c8_0, 8, 8;
    %ix/load 1, 4, 0;
    %mov 4, 0, 1;
    %jmp/1 T_3.72, 4;
    %load/x1p 8, v0x9440058_0, 4;
    %jmp T_3.73;
T_3.72 ;
    %mov 8, 2, 4;
T_3.73 ;
; Save base=8 wid=4 in lookaside.
    %set/v v0x943ff18_0, 8, 4;
    %fork TD_pacoblaze3_tb.dut.alu.numtohex, S_0x943fe98;
    %join;
    %load/v  8, v0x943ff78_0, 8;
    %ix/load 0, 8, 0;
    %set/x0 v0x94400c8_0, 8, 8;
    %ix/load 1, 8, 0;
    %mov 4, 0, 1;
    %jmp/1 T_3.74, 4;
    %load/x1p 12, v0x9440058_0, 2;
    %jmp T_3.75;
T_3.74 ;
    %mov 12, 2, 2;
T_3.75 ;
    %mov 8, 12, 2; Move signal select into place
    %mov 10, 0, 2;
    %set/v v0x943ff18_0, 8, 4;
    %fork TD_pacoblaze3_tb.dut.alu.numtohex, S_0x943fe98;
    %join;
    %load/v  8, v0x943ff78_0, 8;
    %ix/load 0, 16, 0;
    %set/x0 v0x94400c8_0, 8, 8;
    %end;
S_0x943fe98 .scope function, "numtohex" "numtohex" 6 33, 6 33, S_0x943fcc0;
 .timescale -10 -11;
v0x943ff18_0 .var "number", 3 0;
v0x943ff78_0 .var "numtohex", 8 1;
TD_pacoblaze3_tb.dut.alu.numtohex ;
    %load/v 8, v0x943ff18_0, 4;
    %cmpi/u 8, 0, 4;
    %jmp/1 T_4.76, 6;
    %cmpi/u 8, 1, 4;
    %jmp/1 T_4.77, 6;
    %cmpi/u 8, 2, 4;
    %jmp/1 T_4.78, 6;
    %cmpi/u 8, 3, 4;
    %jmp/1 T_4.79, 6;
    %cmpi/u 8, 4, 4;
    %jmp/1 T_4.80, 6;
    %cmpi/u 8, 5, 4;
    %jmp/1 T_4.81, 6;
    %cmpi/u 8, 6, 4;
    %jmp/1 T_4.82, 6;
    %cmpi/u 8, 7, 4;
    %jmp/1 T_4.83, 6;
    %cmpi/u 8, 8, 4;
    %jmp/1 T_4.84, 6;
    %cmpi/u 8, 9, 4;
    %jmp/1 T_4.85, 6;
    %cmpi/u 8, 10, 4;
    %jmp/1 T_4.86, 6;
    %cmpi/u 8, 11, 4;
    %jmp/1 T_4.87, 6;
    %cmpi/u 8, 12, 4;
    %jmp/1 T_4.88, 6;
    %cmpi/u 8, 13, 4;
    %jmp/1 T_4.89, 6;
    %cmpi/u 8, 14, 4;
    %jmp/1 T_4.90, 6;
    %cmpi/u 8, 15, 4;
    %jmp/1 T_4.91, 6;
    %jmp T_4.92;
T_4.76 ;
    %movi 8, 48, 8;
    %set/v v0x943ff78_0, 8, 8;
    %jmp T_4.92;
T_4.77 ;
    %movi 8, 49, 8;
    %set/v v0x943ff78_0, 8, 8;
    %jmp T_4.92;
T_4.78 ;
    %movi 8, 50, 8;
    %set/v v0x943ff78_0, 8, 8;
    %jmp T_4.92;
T_4.79 ;
    %movi 8, 51, 8;
    %set/v v0x943ff78_0, 8, 8;
    %jmp T_4.92;
T_4.80 ;
    %movi 8, 52, 8;
    %set/v v0x943ff78_0, 8, 8;
    %jmp T_4.92;
T_4.81 ;
    %movi 8, 53, 8;
    %set/v v0x943ff78_0, 8, 8;
    %jmp T_4.92;
T_4.82 ;
    %movi 8, 54, 8;
    %set/v v0x943ff78_0, 8, 8;
    %jmp T_4.92;
T_4.83 ;
    %movi 8, 55, 8;
    %set/v v0x943ff78_0, 8, 8;
    %jmp T_4.92;
T_4.84 ;
    %movi 8, 56, 8;
    %set/v v0x943ff78_0, 8, 8;
    %jmp T_4.92;
T_4.85 ;
    %movi 8, 57, 8;
    %set/v v0x943ff78_0, 8, 8;
    %jmp T_4.92;
T_4.86 ;
    %movi 8, 97, 8;
    %set/v v0x943ff78_0, 8, 8;
    %jmp T_4.92;
T_4.87 ;
    %movi 8, 98, 8;
    %set/v v0x943ff78_0, 8, 8;
    %jmp T_4.92;
T_4.88 ;
    %movi 8, 99, 8;
    %set/v v0x943ff78_0, 8, 8;
    %jmp T_4.92;
T_4.89 ;
    %movi 8, 100, 8;
    %set/v v0x943ff78_0, 8, 8;
    %jmp T_4.92;
T_4.90 ;
    %movi 8, 101, 8;
    %set/v v0x943ff78_0, 8, 8;
    %jmp T_4.92;
T_4.91 ;
    %movi 8, 102, 8;
    %set/v v0x943ff78_0, 8, 8;
    %jmp T_4.92;
T_4.92 ;
    %end;
S_0x943fe18 .scope begin, "on_alu" "on_alu" 7 169, 7 169, S_0x943fcc0;
 .timescale -10 -11;
S_0x943f838 .scope module, "register" "pacoblaze3_register" 4 205, 8 38, S_0x9416d80;
 .timescale -10 -11;
L_0x9444fb0 .functor BUFZ 8, L_0x94495d8, C4<00000000>, C4<00000000>, C4<00000000>;
L_0x9445038 .functor BUFZ 8, L_0x94496c8, C4<00000000>, C4<00000000>, C4<00000000>;
v0x943f8b8_0 .net *"_s0", 7 0, L_0x94495d8; 1 drivers
v0x943f918_0 .net *"_s4", 7 0, L_0x94496c8; 1 drivers
v0x943f978_0 .alias "clk", 0 0, v0x9446068_0;
v0x943f9c8 .array "dpr", 15 0, 7 0;
v0x943fa18_0 .alias "reset", 0 0, v0x94465c0_0;
v0x943faa0_0 .alias "x_address", 3 0, v0x9444f60_0;
v0x943fb00_0 .alias "x_data_in", 7 0, v0x94457b0_0;
v0x943fb60_0 .alias "x_data_out", 7 0, v0x9445820_0;
v0x943fbb0_0 .net "x_write_enable", 0 0, v0x9445870_0; 1 drivers
v0x943fc00_0 .alias "y_address", 3 0, v0x9444fe8_0;
v0x943fc60_0 .alias "y_data_out", 7 0, v0x9445ba0_0;
L_0x94495d8 .array/port v0x943f9c8, L_0x9446e28;
L_0x94496c8 .array/port v0x943f9c8, L_0x9446e78;
S_0x943eec8 .scope module, "stack" "pacoblaze3_stack" 4 219, 9 39, S_0x9416d80;
 .timescale -10 -11;
L_0x9449d90 .functor BUFZ 10, L_0x9449d08, C4<0000000000>, C4<0000000000>, C4<0000000000>;
v0x943ef48_0 .net *"_s0", 31 0, L_0x9449860; 1 drivers
v0x943efb8_0 .net *"_s11", 26 0, C4<000000000000000000000000000>; 1 drivers
v0x943f018_0 .net *"_s12", 31 0, C4<00000000000000000000000000000001>; 1 drivers
v0x943f078_0 .net *"_s14", 31 0, L_0x9449ac8; 1 drivers
v0x943f0c8_0 .net *"_s16", 31 0, L_0x9449b88; 1 drivers
v0x943f128_0 .net *"_s20", 9 0, L_0x9449d08; 1 drivers
v0x943f188_0 .net *"_s3", 26 0, C4<000000000000000000000000000>; 1 drivers
v0x943f1e8_0 .net *"_s4", 31 0, C4<00000000000000000000000000000001>; 1 drivers
v0x943f270_0 .net *"_s6", 31 0, L_0x94498e8; 1 drivers
v0x943f2d0_0 .net *"_s8", 31 0, L_0x9449970; 1 drivers
v0x943f360_0 .alias "clk", 0 0, v0x9446068_0;
v0x943f3b0_0 .alias "data_in", 9 0, v0x9445b00_0;
v0x943f438_0 .alias "data_out", 9 0, v0x9445e98_0;
v0x943f498_0 .var/i "i", 31 0;
v0x943f538_0 .var "ptr", 4 0;
v0x943f598_0 .net "ptr_1", 4 0, L_0x9449c80; 1 drivers
v0x943f640_0 .alias "push_pop", 0 0, v0x9445c40_0;
v0x943f6a0_0 .alias "reset", 0 0, v0x94465c0_0;
v0x943f740 .array "spr", 31 0, 9 0;
v0x943f790_0 .alias "update_enable", 0 0, v0x9445cb0_0;
v0x943f6f0_0 .alias "write_enable", 0 0, v0x9445d20_0;
L_0x9449860 .concat [ 5 27 0 0], v0x943f538_0, C4<000000000000000000000000000>;
L_0x94498e8 .arith/sum 32, L_0x9449860, C4<00000000000000000000000000000001>;
L_0x9449970 .concat [ 5 27 0 0], v0x943f538_0, C4<000000000000000000000000000>;
L_0x9449ac8 .arith/sub 32, L_0x9449970, C4<00000000000000000000000000000001>;
L_0x9449b88 .functor MUXZ 32, L_0x9449ac8, L_0x94498e8, L_0x944cbc0, C4<>;
L_0x9449c80 .part L_0x9449b88, 0, 5;
L_0x9449d08 .array/port v0x943f740, L_0x9449c80;
S_0x93c7050 .scope module, "scratch" "pacoblaze3_scratch" 4 232, 10 38, S_0x9416d80;
 .timescale -10 -11;
L_0x944a158 .functor BUFZ 8, L_0x944a108, C4<00000000>, C4<00000000>, C4<00000000>;
v0x9416c60_0 .net *"_s0", 7 0, L_0x944a108; 1 drivers
v0x943ebe8_0 .alias "address", 5 0, v0x94459b0_0;
v0x943ec48_0 .alias "clk", 0 0, v0x9446068_0;
v0x943eca8_0 .alias "data_in", 7 0, v0x9445820_0;
v0x943ed10_0 .alias "data_out", 7 0, v0x9445a20_0;
v0x943ed70_0 .alias "reset", 0 0, v0x94465c0_0;
v0x943edf0 .array "spr", 63 0, 7 0;
v0x943ee40_0 .net "write_enable", 0 0, v0x9445a90_0; 1 drivers
E_0x940e4b8 .event posedge, v0x943ec48_0;
L_0x944a108 .array/port v0x943edf0, L_0x944a048;
S_0x93c7600 .scope begin, "on_reset" "on_reset" 4 396, 4 396, S_0x9416d80;
 .timescale -10 -11;
S_0x940e5a0 .scope begin, "seq" "seq" 4 406, 4 406, S_0x9416d80;
 .timescale -10 -11;
S_0x93c7860 .scope begin, "on_internal_reset" "on_internal_reset" 4 419, 4 419, S_0x940e5a0;
 .timescale -10 -11;
S_0x940ee00 .scope begin, "on_run" "on_run" 4 426, 4 426, S_0x940e5a0;
 .timescale -10 -11;
    .scope S_0x9445ee8;
T_5 ;
    %wait E_0x940e4b8;
    %load/v 8, v0x94465c0_0, 1;
    %jmp/0xz  T_5.0, 8;
    %ix/load 0, 18, 0;
    %assign/v0 v0x94464d0_0, 0, 2;
    %jmp T_5.1;
T_5.0 ;
    %load/v 8, v0x9446520_0, 1;
    %jmp/0xz  T_5.2, 8;
    %load/v 8, v0x9446678_0, 1;
    %jmp/0xz  T_5.4, 8;
    %load/v 8, v0x9446480_0, 18;
    %ix/getv 3, v0x9445fb8_0;
    %jmp/1 t_0, 4;
    %ix/load 0, 18, 0; word width
    %ix/load 1, 0, 0; part off
    %assign/av v0x9446570, 0, 8;
t_0 ;
    %jmp T_5.5;
T_5.4 ;
    %ix/getv 3, v0x9445fb8_0;
    %load/av 8, v0x9446570, 18;
    %ix/load 0, 18, 0;
    %assign/v0 v0x94464d0_0, 0, 8;
T_5.5 ;
T_5.2 ;
T_5.1 ;
    %jmp T_5;
    .thread T_5;
    .scope S_0x9441608;
T_6 ;
    %wait E_0x9441688;
    %set/v v0x9441ef8_0, 2, 20;
    %load/v 8, v0x9441dd8_0, 5;
    %cmpi/u 8, 0, 5;
    %jmp/1 T_6.0, 6;
    %cmpi/u 8, 12, 5;
    %jmp/1 T_6.1, 6;
    %cmpi/u 8, 13, 5;
    %jmp/1 T_6.2, 6;
    %cmpi/u 8, 5, 5;
    %jmp/1 T_6.3, 6;
    %cmpi/u 8, 6, 5;
    %jmp/1 T_6.4, 6;
    %cmpi/u 8, 16, 5;
    %jmp/1 T_6.5, 6;
    %cmpi/u 8, 14, 5;
    %jmp/1 T_6.6, 6;
    %cmpi/u 8, 15, 5;
    %jmp/1 T_6.7, 6;
    %cmpi/u 8, 7, 5;
    %jmp/1 T_6.8, 6;
    %cmpi/u 8, 26, 5;
    %jmp/1 T_6.9, 6;
    %cmpi/u 8, 24, 5;
    %jmp/1 T_6.10, 6;
    %cmpi/u 8, 21, 5;
    %jmp/1 T_6.11, 6;
    %cmpi/u 8, 28, 5;
    %jmp/1 T_6.12, 6;
    %cmpi/u 8, 30, 5;
    %jmp/1 T_6.13, 6;
    %cmpi/u 8, 2, 5;
    %jmp/1 T_6.14, 6;
    %cmpi/u 8, 22, 5;
    %jmp/1 T_6.15, 6;
    %cmpi/u 8, 10, 5;
    %jmp/1 T_6.16, 6;
    %cmpi/u 8, 9, 5;
    %jmp/1 T_6.17, 6;
    %cmpi/u 8, 3, 5;
    %jmp/1 T_6.18, 6;
    %cmpi/u 8, 23, 5;
    %jmp/1 T_6.19, 6;
    %jmp T_6.20;
T_6.0 ;
    %movi 8, 1, 32;
    %set/v v0x9441ef8_0, 8, 20;
    %jmp T_6.20;
T_6.1 ;
    %movi 8, 2, 32;
    %set/v v0x9441ef8_0, 8, 20;
    %jmp T_6.20;
T_6.2 ;
    %movi 8, 4, 32;
    %set/v v0x9441ef8_0, 8, 20;
    %jmp T_6.20;
T_6.3 ;
    %movi 8, 8, 32;
    %set/v v0x9441ef8_0, 8, 20;
    %jmp T_6.20;
T_6.4 ;
    %movi 8, 16, 32;
    %set/v v0x9441ef8_0, 8, 20;
    %jmp T_6.20;
T_6.5 ;
    %movi 8, 32, 32;
    %set/v v0x9441ef8_0, 8, 20;
    %jmp T_6.20;
T_6.6 ;
    %movi 8, 64, 32;
    %set/v v0x9441ef8_0, 8, 20;
    %jmp T_6.20;
T_6.7 ;
    %movi 8, 128, 32;
    %set/v v0x9441ef8_0, 8, 20;
    %jmp T_6.20;
T_6.8 ;
    %movi 8, 256, 32;
    %set/v v0x9441ef8_0, 8, 20;
    %jmp T_6.20;
T_6.9 ;
    %movi 8, 512, 32;
    %set/v v0x9441ef8_0, 8, 20;
    %jmp T_6.20;
T_6.10 ;
    %movi 8, 1024, 32;
    %set/v v0x9441ef8_0, 8, 20;
    %jmp T_6.20;
T_6.11 ;
    %movi 8, 2048, 32;
    %set/v v0x9441ef8_0, 8, 20;
    %jmp T_6.20;
T_6.12 ;
    %movi 8, 4096, 32;
    %set/v v0x9441ef8_0, 8, 20;
    %jmp T_6.20;
T_6.13 ;
    %movi 8, 8192, 32;
    %set/v v0x9441ef8_0, 8, 20;
    %jmp T_6.20;
T_6.14 ;
    %movi 8, 16384, 32;
    %set/v v0x9441ef8_0, 8, 20;
    %jmp T_6.20;
T_6.15 ;
    %movi 8, 32768, 32;
    %set/v v0x9441ef8_0, 8, 20;
    %jmp T_6.20;
T_6.16 ;
    %movi 8, 65536, 32;
    %set/v v0x9441ef8_0, 8, 20;
    %jmp T_6.20;
T_6.17 ;
    %movi 8, 131072, 32;
    %set/v v0x9441ef8_0, 8, 20;
    %jmp T_6.20;
T_6.18 ;
    %movi 8, 262144, 32;
    %set/v v0x9441ef8_0, 8, 20;
    %jmp T_6.20;
T_6.19 ;
    %movi 8, 524288, 32;
    %set/v v0x9441ef8_0, 8, 20;
    %jmp T_6.20;
T_6.20 ;
    %jmp T_6;
    .thread T_6, $push;
    .scope S_0x9441608;
T_7 ;
    %wait E_0x9441260;
    %load/v 8, v0x9441e98_0, 1;
    %jmp/0xz  T_7.0, 8;
    %load/v 48, v0x9442228_0, 4;
    %set/v v0x9441738_0, 48, 4;
    %fork TD_pacoblaze3_tb.dut.idu.numtohex, S_0x94416b8;
    %join;
    %load/v  48, v0x94417a8_0, 8;
    %mov 8, 48, 8;
    %movi 48, 115, 8;
    %mov 16, 48, 8;
    %movi 56, 44, 8;
    %mov 24, 56, 8;
    %load/v 64, v0x94421d8_0, 4;
    %set/v v0x9441738_0, 64, 4;
    %fork TD_pacoblaze3_tb.dut.idu.numtohex, S_0x94416b8;
    %join;
    %load/v  48, v0x94417a8_0, 8;
    %mov 32, 48, 8;
    %movi 48, 115, 8;
    %mov 40, 48, 8;
    %set/v v0x9441cb8_0, 8, 40;
    %jmp T_7.1;
T_7.0 ;
    %load/v 48, v0x9441d18_0, 4; Only need 4 of 8 bits
; Save base=48 wid=4 in lookaside.
    %set/v v0x9441738_0, 48, 4;
    %fork TD_pacoblaze3_tb.dut.idu.numtohex, S_0x94416b8;
    %join;
    %load/v  48, v0x94417a8_0, 8;
    %mov 8, 48, 8;
    %ix/load 1, 4, 0;
    %mov 4, 0, 1;
    %jmp/1 T_7.2, 4;
    %load/x1p 48, v0x9441d18_0, 4;
    %jmp T_7.3;
T_7.2 ;
    %mov 48, 2, 4;
T_7.3 ;
; Save base=48 wid=4 in lookaside.
    %set/v v0x9441738_0, 48, 4;
    %fork TD_pacoblaze3_tb.dut.idu.numtohex, S_0x94416b8;
    %join;
    %load/v  48, v0x94417a8_0, 8;
    %mov 16, 48, 8;
    %movi 48, 44, 8;
    %mov 24, 48, 8;
    %load/v 56, v0x94421d8_0, 4;
    %set/v v0x9441738_0, 56, 4;
    %fork TD_pacoblaze3_tb.dut.idu.numtohex, S_0x94416b8;
    %join;
    %load/v  48, v0x94417a8_0, 8;
    %mov 32, 48, 8;
    %movi 48, 115, 8;
    %mov 40, 48, 8;
    %set/v v0x9441cb8_0, 8, 40;
T_7.1 ;
    %jmp T_7;
    .thread T_7, $push;
    .scope S_0x9441608;
T_8 ;
    %wait E_0x9441240;
    %load/v 8, v0x9441a88_0, 2;
    %load/v 10, v0x9441af0_0, 1;
    %cmpi/u 8, 4, 3;
    %jmp/1 T_8.0, 6;
    %cmpi/u 8, 5, 3;
    %jmp/1 T_8.1, 6;
    %cmpi/u 8, 6, 3;
    %jmp/1 T_8.2, 6;
    %cmpi/u 8, 7, 3;
    %jmp/1 T_8.3, 6;
    %movi 8, 8224, 16;
    %set/v v0x9441bd0_0, 8, 16;
    %jmp T_8.5;
T_8.0 ;
    %movi 8, 31264, 16;
    %set/v v0x9441bd0_0, 8, 16;
    %jmp T_8.5;
T_8.1 ;
    %movi 8, 28282, 16;
    %set/v v0x9441bd0_0, 8, 16;
    %jmp T_8.5;
T_8.2 ;
    %movi 8, 25376, 16;
    %set/v v0x9441bd0_0, 8, 16;
    %jmp T_8.5;
T_8.3 ;
    %movi 8, 28259, 16;
    %set/v v0x9441bd0_0, 8, 16;
    %jmp T_8.5;
T_8.5 ;
    %jmp T_8;
    .thread T_8, $push;
    .scope S_0x9441608;
T_9 ;
    %wait E_0x9441150;
    %load/v 8, v0x9441e38_0, 1;
    %jmp/0xz  T_9.0, 8;
    %movi 8, 1651270944, 32;
    %movi 40, 6647393, 24;
    %set/v v0x9441c30_0, 8, 56;
    %jmp T_9.1;
T_9.0 ;
    %movi 8, 1633840229, 32;
    %movi 40, 6580595, 24;
    %set/v v0x9441c30_0, 8, 56;
T_9.1 ;
    %jmp T_9;
    .thread T_9, $push;
    .scope S_0x9441608;
T_10 ;
    %wait E_0x9440358;
    %load/v 8, v0x9441ef8_0, 1; Only need 1 of 20 bits
; Save base=8 wid=1 in lookaside.
    %cmp/u 1, 8, 1;
    %jmp/1 T_10.0, 6;
    %ix/load 1, 1, 0;
    %mov 4, 0, 1;
    %jmp/1 T_10.22, 4;
    %load/x1p 8, v0x9441ef8_0, 1;
    %jmp T_10.23;
T_10.22 ;
    %mov 8, 2, 1;
T_10.23 ;
; Save base=8 wid=1 in lookaside.
    %cmp/u 1, 8, 1;
    %jmp/1 T_10.1, 6;
    %ix/load 1, 2, 0;
    %mov 4, 0, 1;
    %jmp/1 T_10.24, 4;
    %load/x1p 8, v0x9441ef8_0, 1;
    %jmp T_10.25;
T_10.24 ;
    %mov 8, 2, 1;
T_10.25 ;
; Save base=8 wid=1 in lookaside.
    %cmp/u 1, 8, 1;
    %jmp/1 T_10.2, 6;
    %ix/load 1, 3, 0;
    %mov 4, 0, 1;
    %jmp/1 T_10.26, 4;
    %load/x1p 8, v0x9441ef8_0, 1;
    %jmp T_10.27;
T_10.26 ;
    %mov 8, 2, 1;
T_10.27 ;
; Save base=8 wid=1 in lookaside.
    %cmp/u 1, 8, 1;
    %jmp/1 T_10.3, 6;
    %ix/load 1, 4, 0;
    %mov 4, 0, 1;
    %jmp/1 T_10.28, 4;
    %load/x1p 8, v0x9441ef8_0, 1;
    %jmp T_10.29;
T_10.28 ;
    %mov 8, 2, 1;
T_10.29 ;
; Save base=8 wid=1 in lookaside.
    %cmp/u 1, 8, 1;
    %jmp/1 T_10.4, 6;
    %ix/load 1, 5, 0;
    %mov 4, 0, 1;
    %jmp/1 T_10.30, 4;
    %load/x1p 8, v0x9441ef8_0, 1;
    %jmp T_10.31;
T_10.30 ;
    %mov 8, 2, 1;
T_10.31 ;
; Save base=8 wid=1 in lookaside.
    %cmp/u 1, 8, 1;
    %jmp/1 T_10.5, 6;
    %ix/load 1, 6, 0;
    %mov 4, 0, 1;
    %jmp/1 T_10.32, 4;
    %load/x1p 8, v0x9441ef8_0, 1;
    %jmp T_10.33;
T_10.32 ;
    %mov 8, 2, 1;
T_10.33 ;
; Save base=8 wid=1 in lookaside.
    %cmp/u 1, 8, 1;
    %jmp/1 T_10.6, 6;
    %ix/load 1, 7, 0;
    %mov 4, 0, 1;
    %jmp/1 T_10.34, 4;
    %load/x1p 8, v0x9441ef8_0, 1;
    %jmp T_10.35;
T_10.34 ;
    %mov 8, 2, 1;
T_10.35 ;
; Save base=8 wid=1 in lookaside.
    %cmp/u 1, 8, 1;
    %jmp/1 T_10.7, 6;
    %ix/load 1, 8, 0;
    %mov 4, 0, 1;
    %jmp/1 T_10.36, 4;
    %load/x1p 8, v0x9441ef8_0, 1;
    %jmp T_10.37;
T_10.36 ;
    %mov 8, 2, 1;
T_10.37 ;
; Save base=8 wid=1 in lookaside.
    %cmp/u 1, 8, 1;
    %jmp/1 T_10.8, 6;
    %ix/load 1, 9, 0;
    %mov 4, 0, 1;
    %jmp/1 T_10.38, 4;
    %load/x1p 8, v0x9441ef8_0, 1;
    %jmp T_10.39;
T_10.38 ;
    %mov 8, 2, 1;
T_10.39 ;
; Save base=8 wid=1 in lookaside.
    %cmp/u 1, 8, 1;
    %jmp/1 T_10.9, 6;
    %ix/load 1, 10, 0;
    %mov 4, 0, 1;
    %jmp/1 T_10.40, 4;
    %load/x1p 8, v0x9441ef8_0, 1;
    %jmp T_10.41;
T_10.40 ;
    %mov 8, 2, 1;
T_10.41 ;
; Save base=8 wid=1 in lookaside.
    %cmp/u 1, 8, 1;
    %jmp/1 T_10.10, 6;
    %ix/load 1, 11, 0;
    %mov 4, 0, 1;
    %jmp/1 T_10.42, 4;
    %load/x1p 8, v0x9441ef8_0, 1;
    %jmp T_10.43;
T_10.42 ;
    %mov 8, 2, 1;
T_10.43 ;
; Save base=8 wid=1 in lookaside.
    %cmp/u 1, 8, 1;
    %jmp/1 T_10.11, 6;
    %ix/load 1, 12, 0;
    %mov 4, 0, 1;
    %jmp/1 T_10.44, 4;
    %load/x1p 8, v0x9441ef8_0, 1;
    %jmp T_10.45;
T_10.44 ;
    %mov 8, 2, 1;
T_10.45 ;
; Save base=8 wid=1 in lookaside.
    %cmp/u 1, 8, 1;
    %jmp/1 T_10.12, 6;
    %ix/load 1, 13, 0;
    %mov 4, 0, 1;
    %jmp/1 T_10.46, 4;
    %load/x1p 8, v0x9441ef8_0, 1;
    %jmp T_10.47;
T_10.46 ;
    %mov 8, 2, 1;
T_10.47 ;
; Save base=8 wid=1 in lookaside.
    %cmp/u 1, 8, 1;
    %jmp/1 T_10.13, 6;
    %ix/load 1, 14, 0;
    %mov 4, 0, 1;
    %jmp/1 T_10.48, 4;
    %load/x1p 8, v0x9441ef8_0, 1;
    %jmp T_10.49;
T_10.48 ;
    %mov 8, 2, 1;
T_10.49 ;
; Save base=8 wid=1 in lookaside.
    %cmp/u 1, 8, 1;
    %jmp/1 T_10.14, 6;
    %ix/load 1, 15, 0;
    %mov 4, 0, 1;
    %jmp/1 T_10.50, 4;
    %load/x1p 8, v0x9441ef8_0, 1;
    %jmp T_10.51;
T_10.50 ;
    %mov 8, 2, 1;
T_10.51 ;
; Save base=8 wid=1 in lookaside.
    %cmp/u 1, 8, 1;
    %jmp/1 T_10.15, 6;
    %ix/load 1, 16, 0;
    %mov 4, 0, 1;
    %jmp/1 T_10.52, 4;
    %load/x1p 8, v0x9441ef8_0, 1;
    %jmp T_10.53;
T_10.52 ;
    %mov 8, 2, 1;
T_10.53 ;
; Save base=8 wid=1 in lookaside.
    %cmp/u 1, 8, 1;
    %jmp/1 T_10.16, 6;
    %ix/load 1, 17, 0;
    %mov 4, 0, 1;
    %jmp/1 T_10.54, 4;
    %load/x1p 8, v0x9441ef8_0, 1;
    %jmp T_10.55;
T_10.54 ;
    %mov 8, 2, 1;
T_10.55 ;
; Save base=8 wid=1 in lookaside.
    %cmp/u 1, 8, 1;
    %jmp/1 T_10.17, 6;
    %ix/load 1, 18, 0;
    %mov 4, 0, 1;
    %jmp/1 T_10.56, 4;
    %load/x1p 8, v0x9441ef8_0, 1;
    %jmp T_10.57;
T_10.56 ;
    %mov 8, 2, 1;
T_10.57 ;
; Save base=8 wid=1 in lookaside.
    %cmp/u 1, 8, 1;
    %jmp/1 T_10.18, 6;
    %ix/load 1, 19, 0;
    %mov 4, 0, 1;
    %jmp/1 T_10.58, 4;
    %load/x1p 8, v0x9441ef8_0, 1;
    %jmp T_10.59;
T_10.58 ;
    %mov 8, 2, 1;
T_10.59 ;
; Save base=8 wid=1 in lookaside.
    %cmp/u 1, 8, 1;
    %jmp/1 T_10.19, 6;
    %movi 8, 1848598825, 32;
    %movi 40, 40, 32;
    %movi 72, 0, 32;
    %movi 104, 0, 32;
    %movi 136, 0, 32;
    %movi 168, 0, 32;
    %movi 200, 0, 32;
    %movi 232, 0, 32;
    %set/v v0x9441b50_0, 8, 256;
    %jmp T_10.21;
T_10.0 ;
    %load/v 264, v0x9441cb8_0, 40;
    %movi 344, 32, 8;
    %mov 304, 344, 8;
    %movi 352, 1819238756, 32;
    %mov 312, 352, 32;
    %mov 8, 264, 80;
    %mov 88, 0, 176;
    %set/v v0x9441b50_0, 8, 256;
    %jmp T_10.21;
T_10.1 ;
    %load/v 264, v0x9441cb8_0, 40;
    %movi 336, 32, 8;
    %mov 304, 336, 8;
    %movi 344, 6382692, 24;
    %mov 312, 344, 24;
    %mov 8, 264, 72;
    %mov 80, 0, 184;
    %set/v v0x9441b50_0, 8, 256;
    %jmp T_10.21;
T_10.2 ;
    %load/v 264, v0x9441cb8_0, 40;
    %movi 352, 32, 8;
    %mov 304, 352, 8;
    %movi 360, 1684300665, 32;
    %movi 392, 97, 8;
    %mov 312, 360, 40;
    %mov 8, 264, 88;
    %mov 96, 0, 168;
    %set/v v0x9441b50_0, 8, 256;
    %jmp T_10.21;
T_10.3 ;
    %load/v 264, v0x9441cb8_0, 40;
    %movi 336, 32, 8;
    %mov 304, 336, 8;
    %movi 344, 6385252, 24;
    %mov 312, 344, 24;
    %mov 8, 264, 72;
    %mov 80, 0, 184;
    %set/v v0x9441b50_0, 8, 256;
    %jmp T_10.21;
T_10.4 ;
    %load/v 264, v0x9441cb8_0, 40;
    %movi 328, 32, 8;
    %mov 304, 328, 8;
    %movi 336, 28530, 16;
    %mov 312, 336, 16;
    %mov 8, 264, 64;
    %mov 72, 0, 192;
    %set/v v0x9441b50_0, 8, 256;
    %jmp T_10.21;
T_10.5 ;
    %load/v 8, v0x9442040_0, 1;
    %load/v 9, v0x9442130_0, 3;
    %load/v 12, v0x94420e0_0, 1;
    %cmpi/u 8, 14, 5;
    %jmp/1 T_10.60, 6;
    %cmpi/u 8, 15, 5;
    %jmp/1 T_10.61, 6;
    %cmpi/u 8, 10, 5;
    %jmp/1 T_10.62, 6;
    %cmpi/u 8, 8, 5;
    %jmp/1 T_10.63, 6;
    %cmpi/u 8, 12, 5;
    %jmp/1 T_10.64, 6;
    %cmpi/u 8, 6, 5;
    %jmp/1 T_10.65, 6;
    %cmpi/u 8, 7, 5;
    %jmp/1 T_10.66, 6;
    %cmpi/u 8, 4, 5;
    %jmp/1 T_10.67, 6;
    %cmpi/u 8, 0, 5;
    %jmp/1 T_10.68, 6;
    %cmpi/u 8, 2, 5;
    %jmp/1 T_10.69, 6;
    %movi 8, 1848598825, 32;
    %movi 40, 40, 32;
    %movi 72, 0, 32;
    %movi 104, 0, 32;
    %movi 136, 0, 32;
    %movi 168, 0, 32;
    %movi 200, 0, 32;
    %movi 232, 0, 32;
    %set/v v0x9441b50_0, 8, 256;
    %jmp T_10.71;
T_10.60 ;
    %load/v 312, v0x94421d8_0, 4;
    %set/v v0x9441738_0, 312, 4;
    %fork TD_pacoblaze3_tb.dut.idu.numtohex, S_0x94416b8;
    %join;
    %load/v  312, v0x94417a8_0, 8;
    %mov 264, 312, 8;
    %movi 312, 8307, 16;
    %mov 272, 312, 16;
    %movi 328, 7565872, 24;
    %mov 288, 328, 24;
    %mov 8, 264, 48;
    %mov 56, 0, 208;
    %set/v v0x9441b50_0, 8, 256;
    %jmp T_10.71;
T_10.61 ;
    %load/v 312, v0x94421d8_0, 4;
    %set/v v0x9441738_0, 312, 4;
    %fork TD_pacoblaze3_tb.dut.idu.numtohex, S_0x94416b8;
    %join;
    %load/v  312, v0x94417a8_0, 8;
    %mov 264, 312, 8;
    %movi 312, 8307, 16;
    %mov 272, 312, 16;
    %movi 328, 7565873, 24;
    %mov 288, 328, 24;
    %mov 8, 264, 48;
    %mov 56, 0, 208;
    %set/v v0x9441b50_0, 8, 256;
    %jmp T_10.71;
T_10.62 ;
    %load/v 312, v0x94421d8_0, 4;
    %set/v v0x9441738_0, 312, 4;
    %fork TD_pacoblaze3_tb.dut.idu.numtohex, S_0x94416b8;
    %join;
    %load/v  312, v0x94417a8_0, 8;
    %mov 264, 312, 8;
    %movi 312, 8307, 16;
    %mov 272, 312, 16;
    %movi 328, 7565944, 24;
    %mov 288, 328, 24;
    %mov 8, 264, 48;
    %mov 56, 0, 208;
    %set/v v0x9441b50_0, 8, 256;
    %jmp T_10.71;
T_10.63 ;
    %load/v 312, v0x94421d8_0, 4;
    %set/v v0x9441738_0, 312, 4;
    %fork TD_pacoblaze3_tb.dut.idu.numtohex, S_0x94416b8;
    %join;
    %load/v  312, v0x94417a8_0, 8;
    %mov 264, 312, 8;
    %movi 312, 8307, 16;
    %mov 272, 312, 16;
    %movi 328, 7565921, 24;
    %mov 288, 328, 24;
    %mov 8, 264, 48;
    %mov 56, 0, 208;
    %set/v v0x9441b50_0, 8, 256;
    %jmp T_10.71;
T_10.64 ;
    %load/v 304, v0x94421d8_0, 4;
    %set/v v0x9441738_0, 304, 4;
    %fork TD_pacoblaze3_tb.dut.idu.numtohex, S_0x94416b8;
    %join;
    %load/v  304, v0x94417a8_0, 8;
    %mov 264, 304, 8;
    %movi 304, 8307, 16;
    %mov 272, 304, 16;
    %movi 320, 29298, 16;
    %mov 288, 320, 16;
    %mov 8, 264, 40;
    %mov 48, 0, 216;
    %set/v v0x9441b50_0, 8, 256;
    %jmp T_10.71;
T_10.65 ;
    %load/v 312, v0x94421d8_0, 4;
    %set/v v0x9441738_0, 312, 4;
    %fork TD_pacoblaze3_tb.dut.idu.numtohex, S_0x94416b8;
    %join;
    %load/v  312, v0x94417a8_0, 8;
    %mov 264, 312, 8;
    %movi 312, 8307, 16;
    %mov 272, 312, 16;
    %movi 328, 7564336, 24;
    %mov 288, 328, 24;
    %mov 8, 264, 48;
    %mov 56, 0, 208;
    %set/v v0x9441b50_0, 8, 256;
    %jmp T_10.71;
T_10.66 ;
    %load/v 312, v0x94421d8_0, 4;
    %set/v v0x9441738_0, 312, 4;
    %fork TD_pacoblaze3_tb.dut.idu.numtohex, S_0x94416b8;
    %join;
    %load/v  312, v0x94417a8_0, 8;
    %mov 264, 312, 8;
    %movi 312, 8307, 16;
    %mov 272, 312, 16;
    %movi 328, 7564337, 24;
    %mov 288, 328, 24;
    %mov 8, 264, 48;
    %mov 56, 0, 208;
    %set/v v0x9441b50_0, 8, 256;
    %jmp T_10.71;
T_10.67 ;
    %load/v 312, v0x94421d8_0, 4;
    %set/v v0x9441738_0, 312, 4;
    %fork TD_pacoblaze3_tb.dut.idu.numtohex, S_0x94416b8;
    %join;
    %load/v  312, v0x94417a8_0, 8;
    %mov 264, 312, 8;
    %movi 312, 8307, 16;
    %mov 272, 312, 16;
    %movi 328, 7564408, 24;
    %mov 288, 328, 24;
    %mov 8, 264, 48;
    %mov 56, 0, 208;
    %set/v v0x9441b50_0, 8, 256;
    %jmp T_10.71;
T_10.68 ;
    %load/v 312, v0x94421d8_0, 4;
    %set/v v0x9441738_0, 312, 4;
    %fork TD_pacoblaze3_tb.dut.idu.numtohex, S_0x94416b8;
    %join;
    %load/v  312, v0x94417a8_0, 8;
    %mov 264, 312, 8;
    %movi 312, 8307, 16;
    %mov 272, 312, 16;
    %movi 328, 7564385, 24;
    %mov 288, 328, 24;
    %mov 8, 264, 48;
    %mov 56, 0, 208;
    %set/v v0x9441b50_0, 8, 256;
    %jmp T_10.71;
T_10.69 ;
    %load/v 304, v0x94421d8_0, 4;
    %set/v v0x9441738_0, 304, 4;
    %fork TD_pacoblaze3_tb.dut.idu.numtohex, S_0x94416b8;
    %join;
    %load/v  304, v0x94417a8_0, 8;
    %mov 264, 304, 8;
    %movi 304, 8307, 16;
    %mov 272, 304, 16;
    %movi 320, 29292, 16;
    %mov 288, 320, 16;
    %mov 8, 264, 40;
    %mov 48, 0, 216;
    %set/v v0x9441b50_0, 8, 256;
    %jmp T_10.71;
T_10.71 ;
    %jmp T_10.21;
T_10.6 ;
    %load/v 264, v0x9441cb8_0, 40;
    %movi 336, 32, 8;
    %mov 304, 336, 8;
    %movi 344, 7566690, 24;
    %mov 312, 344, 24;
    %mov 8, 264, 72;
    %mov 80, 0, 184;
    %set/v v0x9441b50_0, 8, 256;
    %jmp T_10.21;
T_10.7 ;
    %load/v 264, v0x9441cb8_0, 40;
    %movi 352, 32, 8;
    %mov 304, 352, 8;
    %movi 360, 1969382265, 32;
    %movi 392, 115, 8;
    %mov 312, 360, 40;
    %mov 8, 264, 88;
    %mov 96, 0, 168;
    %set/v v0x9441b50_0, 8, 256;
    %jmp T_10.21;
T_10.8 ;
    %load/v 264, v0x9441cb8_0, 40;
    %movi 336, 32, 8;
    %mov 304, 336, 8;
    %movi 344, 7892850, 24;
    %mov 312, 344, 24;
    %mov 8, 264, 72;
    %mov 80, 0, 184;
    %set/v v0x9441b50_0, 8, 256;
    %jmp T_10.21;
T_10.9 ;
    %load/v 352, v0x9441a28_0, 10;
    %movi 362, 0, 8;
    %set/v v0x9441888_0, 352, 18;
    %fork TD_pacoblaze3_tb.dut.idu.adrtohex, S_0x9441808;
    %join;
    %load/v  352, v0x94418f8_0, 24;
    %mov 264, 352, 24;
    %movi 352, 32, 8;
    %mov 288, 352, 8;
    %load/v 296, v0x9441bd0_0, 16;
    %movi 360, 32, 8;
    %mov 312, 360, 8;
    %movi 368, 1786080624, 32;
    %mov 320, 368, 32;
    %mov 8, 264, 88;
    %mov 96, 0, 168;
    %set/v v0x9441b50_0, 8, 256;
    %jmp T_10.21;
T_10.10 ;
    %load/v 352, v0x9441a28_0, 10;
    %movi 362, 0, 8;
    %set/v v0x9441888_0, 352, 18;
    %fork TD_pacoblaze3_tb.dut.idu.adrtohex, S_0x9441808;
    %join;
    %load/v  352, v0x94418f8_0, 24;
    %mov 264, 352, 24;
    %movi 352, 32, 8;
    %mov 288, 352, 8;
    %load/v 296, v0x9441bd0_0, 16;
    %movi 360, 32, 8;
    %mov 312, 360, 8;
    %movi 368, 1667329132, 32;
    %mov 320, 368, 32;
    %mov 8, 264, 88;
    %mov 96, 0, 168;
    %set/v v0x9441b50_0, 8, 256;
    %jmp T_10.21;
T_10.11 ;
    %load/v 264, v0x9441bd0_0, 16;
    %movi 336, 32, 8;
    %mov 280, 336, 8;
    %movi 344, 1953854062, 32;
    %movi 376, 29285, 16;
    %mov 288, 344, 48;
    %mov 8, 264, 72;
    %mov 80, 0, 184;
    %set/v v0x9441b50_0, 8, 256;
    %jmp T_10.21;
T_10.12 ;
    %load/v 264, v0x9441c30_0, 56;
    %movi 384, 32, 8;
    %mov 320, 384, 8;
    %movi 392, 1970433641, 32;
    %movi 424, 7497076, 24;
    %mov 328, 392, 56;
    %mov 8, 264, 120;
    %mov 128, 0, 136;
    %set/v v0x9441b50_0, 8, 256;
    %jmp T_10.21;
T_10.13 ;
    %load/v 264, v0x9441c30_0, 56;
    %movi 400, 32, 8;
    %mov 320, 400, 8;
    %movi 408, 1920299124, 32;
    %movi 440, 1853121906, 32;
    %movi 472, 105, 8;
    %mov 328, 408, 72;
    %mov 8, 264, 136;
    %mov 144, 0, 120;
    %set/v v0x9441b50_0, 8, 256;
    %jmp T_10.21;
T_10.14 ;
    %load/v 264, v0x9441cb8_0, 40;
    %movi 352, 32, 8;
    %mov 304, 352, 8;
    %movi 360, 1852863860, 32;
    %movi 392, 105, 8;
    %mov 312, 360, 40;
    %mov 8, 264, 88;
    %mov 96, 0, 168;
    %set/v v0x9441b50_0, 8, 256;
    %jmp T_10.21;
T_10.15 ;
    %load/v 264, v0x9441cb8_0, 40;
    %movi 360, 32, 8;
    %mov 304, 360, 8;
    %movi 368, 1953527156, 32;
    %movi 400, 28533, 16;
    %mov 312, 368, 48;
    %mov 8, 264, 96;
    %mov 104, 0, 160;
    %set/v v0x9441b50_0, 8, 256;
    %jmp T_10.21;
T_10.16 ;
    %load/v 264, v0x9441cb8_0, 40;
    %movi 368, 32, 8;
    %mov 304, 368, 8;
    %movi 376, 1885434469, 32;
    %movi 408, 6516589, 24;
    %mov 312, 376, 56;
    %mov 8, 264, 104;
    %mov 112, 0, 152;
    %set/v v0x9441b50_0, 8, 256;
    %jmp T_10.21;
T_10.17 ;
    %load/v 264, v0x9441cb8_0, 40;
    %movi 344, 32, 8;
    %mov 304, 344, 8;
    %movi 352, 1952805748, 32;
    %mov 312, 352, 32;
    %mov 8, 264, 80;
    %mov 88, 0, 176;
    %set/v v0x9441b50_0, 8, 256;
    %jmp T_10.21;
T_10.18 ;
    %load/v 264, v0x9441cb8_0, 40;
    %movi 352, 32, 8;
    %mov 304, 352, 8;
    %movi 360, 1702126440, 32;
    %movi 392, 102, 8;
    %mov 312, 360, 40;
    %mov 8, 264, 88;
    %mov 96, 0, 168;
    %set/v v0x9441b50_0, 8, 256;
    %jmp T_10.21;
T_10.19 ;
    %load/v 264, v0x9441cb8_0, 40;
    %movi 352, 32, 8;
    %mov 304, 352, 8;
    %movi 360, 1953460837, 32;
    %movi 392, 115, 8;
    %mov 312, 360, 40;
    %mov 8, 264, 88;
    %mov 96, 0, 168;
    %set/v v0x9441b50_0, 8, 256;
    %jmp T_10.21;
T_10.21 ;
    %jmp T_10;
    .thread T_10, $push;
    .scope S_0x943fcc0;
T_11 ;
    %wait E_0x943fdc0;
    %fork t_2, S_0x943fe18;
    %jmp t_1;
    .scope S_0x943fe18;
t_2 ;
    %set/v v0x94410a0_0, 0, 1;
    %ix/load 1, 1, 0;
    %mov 4, 0, 1;
    %jmp/1 T_11.12, 4;
    %load/x1p 8, v0x9441388_0, 1;
    %jmp T_11.13;
T_11.12 ;
    %mov 8, 2, 1;
T_11.13 ;
; Save base=8 wid=1 in lookaside.
    %cmp/u 1, 8, 1;
    %jmp/1 T_11.0, 6;
    %ix/load 1, 2, 0;
    %mov 4, 0, 1;
    %jmp/1 T_11.14, 4;
    %load/x1p 8, v0x9441388_0, 1;
    %jmp T_11.15;
T_11.14 ;
    %mov 8, 2, 1;
T_11.15 ;
; Save base=8 wid=1 in lookaside.
    %cmp/u 1, 8, 1;
    %jmp/1 T_11.1, 6;
    %ix/load 1, 16, 0;
    %mov 4, 0, 1;
    %jmp/1 T_11.16, 4;
    %load/x1p 8, v0x9441388_0, 1;
    %jmp T_11.17;
T_11.16 ;
    %mov 8, 2, 1;
T_11.17 ;
; Save base=8 wid=1 in lookaside.
    %cmp/u 1, 8, 1;
    %jmp/1 T_11.2, 6;
    %ix/load 1, 6, 0;
    %mov 4, 0, 1;
    %jmp/1 T_11.18, 4;
    %load/x1p 8, v0x9441388_0, 1;
    %jmp T_11.19;
T_11.18 ;
    %mov 8, 2, 1;
T_11.19 ;
; Save base=8 wid=1 in lookaside.
    %cmp/u 1, 8, 1;
    %jmp/1 T_11.3, 6;
    %ix/load 1, 7, 0;
    %mov 4, 0, 1;
    %jmp/1 T_11.20, 4;
    %load/x1p 8, v0x9441388_0, 1;
    %jmp T_11.21;
T_11.20 ;
    %mov 8, 2, 1;
T_11.21 ;
; Save base=8 wid=1 in lookaside.
    %cmp/u 1, 8, 1;
    %jmp/1 T_11.4, 6;
    %ix/load 1, 3, 0;
    %mov 4, 0, 1;
    %jmp/1 T_11.22, 4;
    %load/x1p 8, v0x9441388_0, 1;
    %jmp T_11.23;
T_11.22 ;
    %mov 8, 2, 1;
T_11.23 ;
; Save base=8 wid=1 in lookaside.
    %cmp/u 1, 8, 1;
    %jmp/1 T_11.5, 6;
    %ix/load 1, 4, 0;
    %mov 4, 0, 1;
    %jmp/1 T_11.24, 4;
    %load/x1p 8, v0x9441388_0, 1;
    %jmp T_11.25;
T_11.24 ;
    %mov 8, 2, 1;
T_11.25 ;
; Save base=8 wid=1 in lookaside.
    %cmp/u 1, 8, 1;
    %jmp/1 T_11.6, 6;
    %ix/load 1, 17, 0;
    %mov 4, 0, 1;
    %jmp/1 T_11.26, 4;
    %load/x1p 8, v0x9441388_0, 1;
    %jmp T_11.27;
T_11.26 ;
    %mov 8, 2, 1;
T_11.27 ;
; Save base=8 wid=1 in lookaside.
    %cmp/u 1, 8, 1;
    %jmp/1 T_11.7, 6;
    %ix/load 1, 8, 0;
    %mov 4, 0, 1;
    %jmp/1 T_11.28, 4;
    %load/x1p 8, v0x9441388_0, 1;
    %jmp T_11.29;
T_11.28 ;
    %mov 8, 2, 1;
T_11.29 ;
; Save base=8 wid=1 in lookaside.
    %cmp/u 1, 8, 1;
    %jmp/1 T_11.8, 6;
    %ix/load 1, 5, 0;
    %mov 4, 0, 1;
    %jmp/1 T_11.30, 4;
    %load/x1p 8, v0x9441388_0, 1;
    %jmp T_11.31;
T_11.30 ;
    %mov 8, 2, 1;
T_11.31 ;
; Save base=8 wid=1 in lookaside.
    %cmp/u 1, 8, 1;
    %jmp/1 T_11.9, 6;
    %load/v 8, v0x94411e0_0, 8;
    %set/v v0x94412d8_0, 8, 8;
    %jmp T_11.11;
T_11.0 ;
    %load/v 8, v0x9440fb8_0, 9;
    %set/v v0x94412d8_0, 8, 8;
    %set/v v0x94410a0_0, 16, 1;
    %jmp T_11.11;
T_11.1 ;
    %load/v 8, v0x9440fb8_0, 9;
    %set/v v0x94412d8_0, 8, 8;
    %set/v v0x94410a0_0, 16, 1;
    %jmp T_11.11;
T_11.2 ;
    %load/v 8, v0x9440fb8_0, 8; Select 8 out of 9 bits
    %ix/load 1, 8, 0;
    %mov 4, 0, 1;
    %jmp/1 T_11.32, 4;
    %load/x1p 17, v0x9440fb8_0, 1;
    %jmp T_11.33;
T_11.32 ;
    %mov 17, 2, 1;
T_11.33 ;
; Save base=17 wid=1 in lookaside.
    %inv 17, 1;
    %mov 16, 17, 1;
    %set/v v0x94412d8_0, 8, 8;
    %set/v v0x94410a0_0, 16, 1;
    %jmp T_11.11;
T_11.3 ;
    %load/v 8, v0x9440fb8_0, 8; Select 8 out of 9 bits
    %ix/load 1, 8, 0;
    %mov 4, 0, 1;
    %jmp/1 T_11.34, 4;
    %load/x1p 17, v0x9440fb8_0, 1;
    %jmp T_11.35;
T_11.34 ;
    %mov 17, 2, 1;
T_11.35 ;
; Save base=17 wid=1 in lookaside.
    %inv 17, 1;
    %mov 16, 17, 1;
    %set/v v0x94412d8_0, 8, 8;
    %set/v v0x94410a0_0, 16, 1;
    %jmp T_11.11;
T_11.4 ;
    %load/v 8, v0x9440fb8_0, 8; Select 8 out of 9 bits
    %ix/load 1, 8, 0;
    %mov 4, 0, 1;
    %jmp/1 T_11.36, 4;
    %load/x1p 17, v0x9440fb8_0, 1;
    %jmp T_11.37;
T_11.36 ;
    %mov 17, 2, 1;
T_11.37 ;
; Save base=17 wid=1 in lookaside.
    %inv 17, 1;
    %mov 16, 17, 1;
    %set/v v0x94412d8_0, 8, 8;
    %set/v v0x94410a0_0, 16, 1;
    %jmp T_11.11;
T_11.5 ;
    %load/v 8, v0x9441288_0, 8;
    %load/v 16, v0x94411e0_0, 8;
    %and 8, 16, 8;
    %set/v v0x94412d8_0, 8, 8;
    %jmp T_11.11;
T_11.6 ;
    %load/v 8, v0x9441288_0, 8;
    %load/v 16, v0x94411e0_0, 8;
    %or 8, 16, 8;
    %set/v v0x94412d8_0, 8, 8;
    %jmp T_11.11;
T_11.7 ;
    %load/v 8, v0x9441288_0, 8;
    %load/v 16, v0x94411e0_0, 8;
    %and 8, 16, 8;
    %set/v v0x94412d8_0, 8, 8;
    %load/v 8, v0x94412d8_0, 8;
    %xor/r 8, 8, 8;
    %set/v v0x94410a0_0, 8, 1;
    %jmp T_11.11;
T_11.8 ;
    %load/v 8, v0x9441288_0, 8;
    %load/v 16, v0x94411e0_0, 8;
    %xor 8, 16, 8;
    %set/v v0x94412d8_0, 8, 8;
    %jmp T_11.11;
T_11.9 ;
    %load/v 8, v0x94414e8_0, 1;
    %jmp/0xz  T_11.38, 8;
    %load/v 8, v0x9441288_0, 8;
    %load/v 16, v0x9441328_0, 1;
    %set/v v0x94410a0_0, 8, 1;
    %set/v v0x94412d8_0, 9, 8;
    %jmp T_11.39;
T_11.38 ;
    %load/v 8, v0x9441328_0, 1;
    %load/v 9, v0x9441288_0, 8;
    %set/v v0x94412d8_0, 8, 8;
    %set/v v0x94410a0_0, 16, 1;
T_11.39 ;
    %jmp T_11.11;
T_11.11 ;
    %end;
    .scope S_0x943fcc0;
t_1 %join;
    %jmp T_11;
    .thread T_11, $push;
    .scope S_0x943fcc0;
T_12 ;
    %wait E_0x943fd90;
    %load/v 152, v0x9440f28_0, 1;
    %mov 153, 0, 3;
    %set/v v0x943ff18_0, 152, 4;
    %fork TD_pacoblaze3_tb.dut.alu.numtohex, S_0x943fe98;
    %join;
    %load/v  152, v0x943ff78_0, 8;
    %mov 8, 152, 8;
    %movi 152, 2122557, 24;
    %mov 16, 152, 24;
    %load/v 176, v0x94411e0_0, 4; Only need 4 of 8 bits
; Save base=176 wid=4 in lookaside.
    %set/v v0x943ff18_0, 176, 4;
    %fork TD_pacoblaze3_tb.dut.alu.numtohex, S_0x943fe98;
    %join;
    %load/v  152, v0x943ff78_0, 8;
    %mov 40, 152, 8;
    %ix/load 1, 4, 0;
    %mov 4, 0, 1;
    %jmp/1 T_12.0, 4;
    %load/x1p 152, v0x94411e0_0, 4;
    %jmp T_12.1;
T_12.0 ;
    %mov 152, 2, 4;
T_12.1 ;
; Save base=152 wid=4 in lookaside.
    %set/v v0x943ff18_0, 152, 4;
    %fork TD_pacoblaze3_tb.dut.alu.numtohex, S_0x943fe98;
    %join;
    %load/v  152, v0x943ff78_0, 8;
    %mov 48, 152, 8;
    %movi 152, 2122301, 24;
    %mov 56, 152, 24;
    %load/v 176, v0x9441288_0, 4; Only need 4 of 8 bits
; Save base=176 wid=4 in lookaside.
    %set/v v0x943ff18_0, 176, 4;
    %fork TD_pacoblaze3_tb.dut.alu.numtohex, S_0x943fe98;
    %join;
    %load/v  152, v0x943ff78_0, 8;
    %mov 80, 152, 8;
    %ix/load 1, 4, 0;
    %mov 4, 0, 1;
    %jmp/1 T_12.2, 4;
    %load/x1p 152, v0x9441288_0, 4;
    %jmp T_12.3;
T_12.2 ;
    %mov 152, 2, 4;
T_12.3 ;
; Save base=152 wid=4 in lookaside.
    %set/v v0x943ff18_0, 152, 4;
    %fork TD_pacoblaze3_tb.dut.alu.numtohex, S_0x943fe98;
    %join;
    %load/v  152, v0x943ff78_0, 8;
    %mov 88, 152, 8;
    %movi 152, 2122045, 24;
    %mov 96, 152, 24;
    %load/v 176, v0x9441288_0, 4; Only need 4 of 8 bits
; Save base=176 wid=4 in lookaside.
    %set/v v0x943ff18_0, 176, 4;
    %fork TD_pacoblaze3_tb.dut.alu.numtohex, S_0x943fe98;
    %join;
    %load/v  152, v0x943ff78_0, 8;
    %mov 120, 152, 8;
    %ix/load 1, 4, 0;
    %mov 4, 0, 1;
    %jmp/1 T_12.4, 4;
    %load/x1p 152, v0x94412d8_0, 4;
    %jmp T_12.5;
T_12.4 ;
    %mov 152, 2, 4;
T_12.5 ;
; Save base=152 wid=4 in lookaside.
    %set/v v0x943ff18_0, 152, 4;
    %fork TD_pacoblaze3_tb.dut.alu.numtohex, S_0x943fe98;
    %join;
    %load/v  152, v0x943ff78_0, 8;
    %mov 128, 152, 8;
    %movi 152, 29245, 16;
    %mov 136, 152, 16;
    %set/v v0x94410f0_0, 8, 144;
    %jmp T_12;
    .thread T_12, $push;
    .scope S_0x943fcc0;
T_13 ;
    %wait E_0x943fd60;
    %load/v 64, v0x9441438_0, 1;
    %mov 65, 0, 3;
    %set/v v0x943ff18_0, 64, 4;
    %fork TD_pacoblaze3_tb.dut.alu.numtohex, S_0x943fe98;
    %join;
    %load/v  64, v0x943ff78_0, 8;
    %mov 8, 64, 8;
    %movi 64, 2120253, 24;
    %mov 16, 64, 24;
    %load/v 88, v0x94410a0_0, 1;
    %mov 89, 0, 3;
    %set/v v0x943ff18_0, 88, 4;
    %fork TD_pacoblaze3_tb.dut.alu.numtohex, S_0x943fe98;
    %join;
    %load/v  64, v0x943ff78_0, 8;
    %mov 40, 64, 8;
    %movi 64, 17213, 16;
    %mov 48, 64, 16;
    %set/v v0x9441190_0, 8, 56;
    %jmp T_13;
    .thread T_13, $push;
    .scope S_0x943fcc0;
T_14 ;
    %wait E_0x943edc0;
    %load/v 8, v0x9441190_0, 56;
    %movi 224, 11296, 16;
    %mov 64, 224, 16;
    %load/v 80, v0x94410f0_0, 144;
    %set/v v0x9441008_0, 8, 216;
    %jmp T_14;
    .thread T_14, $push;
    .scope S_0x943f838;
T_15 ;
    %wait E_0x940e4b8;
    %load/v 8, v0x943fbb0_0, 1;
    %jmp/0xz  T_15.0, 8;
    %load/v 8, v0x943fb00_0, 8;
    %ix/getv 3, v0x943faa0_0;
    %jmp/1 t_3, 4;
    %ix/load 0, 8, 0; word width
    %ix/load 1, 0, 0; part off
    %assign/av v0x943f9c8, 0, 8;
t_3 ;
T_15.0 ;
    %jmp T_15;
    .thread T_15;
    .scope S_0x943eec8;
T_16 ;
    %set/v v0x943f498_0, 0, 32;
T_16.0 ;
    %load/v 8, v0x943f498_0, 32;
   %cmpi/u 8, 32, 32;
    %jmp/0xz T_16.1, 5;
    %ix/getv/s 3, v0x943f498_0;
    %jmp/1 t_4, 4;
    %ix/load 0, 10, 0; word width
    %ix/load 1, 0, 0; part off
    %assign/av v0x943f740, 0, 0;
t_4 ;
    %ix/load 0, 1, 0;
    %load/vp0/s 8, v0x943f498_0, 32;
    %set/v v0x943f498_0, 8, 32;
    %jmp T_16.0;
T_16.1 ;
    %end;
    .thread T_16;
    .scope S_0x943eec8;
T_17 ;
    %wait E_0x940e4b8;
    %load/v 8, v0x943f6a0_0, 1;
    %jmp/0xz  T_17.0, 8;
    %ix/load 0, 5, 0;
    %assign/v0 v0x943f538_0, 0, 0;
    %jmp T_17.1;
T_17.0 ;
    %load/v 8, v0x943f6f0_0, 1;
    %jmp/0xz  T_17.2, 8;
    %load/v 8, v0x943f3b0_0, 10;
    %ix/getv 3, v0x943f538_0;
    %jmp/1 t_5, 4;
    %ix/load 0, 10, 0; word width
    %ix/load 1, 0, 0; part off
    %assign/av v0x943f740, 0, 8;
t_5 ;
T_17.2 ;
    %load/v 8, v0x943f790_0, 1;
    %jmp/0xz  T_17.4, 8;
    %load/v 8, v0x943f598_0, 5;
    %ix/load 0, 5, 0;
    %assign/v0 v0x943f538_0, 0, 8;
T_17.4 ;
T_17.1 ;
    %jmp T_17;
    .thread T_17;
    .scope S_0x93c7050;
T_18 ;
    %wait E_0x940e4b8;
    %load/v 8, v0x943ee40_0, 1;
    %jmp/0xz  T_18.0, 8;
    %load/v 8, v0x943eca8_0, 8;
    %ix/getv 3, v0x943ebe8_0;
    %jmp/1 t_6, 4;
    %ix/load 0, 8, 0; word width
    %ix/load 1, 0, 0; part off
    %assign/av v0x943edf0, 0, 8;
t_6 ;
T_18.0 ;
    %jmp T_18;
    .thread T_18;
    .scope S_0x9416d80;
T_19 ;
    %wait E_0x940e4b8;
    %fork t_8, S_0x93c7600;
    %jmp t_7;
    .scope S_0x93c7600;
t_8 ;
    %load/v 8, v0x9445bf0_0, 1;
    %jmp/0xz  T_19.0, 8;
    %ix/load 0, 2, 0;
    %assign/v0 v0x9445960_0, 0, 1;
    %jmp T_19.1;
T_19.0 ;
    %load/v 8, v0x9445960_0, 1; Only need 1 of 2 bits
; Save base=8 wid=1 in lookaside.
    %ix/load 0, 1, 0;
    %ix/load 1, 1, 0;
    %assign/v0/x1 v0x9445960_0, 0, 8;
    %ix/load 0, 1, 0;
    %ix/load 1, 0, 0;
    %assign/v0/x1 v0x9445960_0, 0, 0;
T_19.1 ;
    %end;
    .scope S_0x9416d80;
t_7 %join;
    %jmp T_19;
    .thread T_19;
    .scope S_0x9416d80;
T_20 ;
    %wait E_0x940e4b8;
    %fork t_10, S_0x940e5a0;
    %jmp t_9;
    .scope S_0x940e5a0;
t_10 ;
    %ix/load 0, 1, 0;
    %assign/v0 v0x9445750_0, 0, 0;
    %ix/load 0, 1, 0;
    %assign/v0 v0x9445de0_0, 0, 0;
    %ix/load 0, 1, 0;
    %assign/v0 v0x9445870_0, 0, 0;
    %ix/load 0, 1, 0;
    %assign/v0 v0x9445a90_0, 0, 0;
    %ix/load 0, 1, 0;
    %assign/v0 v0x9445270_0, 0, 0;
    %ix/load 0, 1, 0;
    %assign/v0 v0x9446160_0, 0, 0;
    %load/v 8, v0x94451d0_0, 1;
    %jmp/0xz  T_20.0, 8;
    %fork t_12, S_0x93c7860;
    %jmp t_11;
    .scope S_0x93c7860;
t_12 ;
    %ix/load 0, 1, 0;
    %assign/v0 v0x9445d90_0, 0, 0;
    %ix/load 0, 10, 0;
    %assign/v0 v0x9445910_0, 0, 0;
    %ix/load 0, 1, 0;
    %assign/v0 v0x9445e30_0, 0, 0;
    %ix/load 0, 1, 0;
    %assign/v0 v0x9444908_0, 0, 0;
    %ix/load 0, 1, 0;
    %assign/v0 v0x9445310_0, 0, 0;
    %ix/load 0, 1, 0;
    %assign/v0 v0x9445360_0, 0, 0;
    %end;
    .scope S_0x940e5a0;
t_11 %join;
    %jmp T_20.1;
T_20.0 ;
    %fork t_14, S_0x940ee00;
    %jmp t_13;
    .scope S_0x940ee00;
t_14 ;
    %load/v 8, v0x9445d90_0, 1;
    %inv 8, 1;
    %ix/load 0, 1, 0;
    %assign/v0 v0x9445d90_0, 0, 8;
    %load/v 8, v0x94452c0_0, 1;
    %load/v 9, v0x9445360_0, 1;
    %or 8, 9, 1;
    %ix/load 0, 1, 0;
    %assign/v0 v0x9445360_0, 0, 8;
    %load/v 8, v0x9445d90_0, 1;
    %mov 9, 0, 1;
    %cmpi/u 8, 0, 2;
    %jmp/0xz  T_20.2, 4;
    %load/v 8, v0x94456a0_0, 10;
    %ix/load 0, 10, 0;
    %assign/v0 v0x9445910_0, 0, 8;
    %load/v 8, v0x9445360_0, 1;
    %jmp/0xz  T_20.4, 8;
    %ix/load 0, 1, 0;
    %assign/v0 v0x9445310_0, 0, 0;
    %ix/load 0, 1, 0;
    %assign/v0 v0x9445360_0, 0, 0;
    %ix/load 0, 1, 0;
    %assign/v0 v0x9445270_0, 0, 1;
    %load/v 8, v0x9445e30_0, 1;
    %ix/load 0, 1, 0;
    %assign/v0 v0x94461b0_0, 0, 8;
    %load/v 8, v0x9444908_0, 1;
    %ix/load 0, 1, 0;
    %assign/v0 v0x9444978_0, 0, 8;
    %jmp T_20.5;
T_20.4 ;
    %load/v 8, v0x9444cd0_0, 20;
    %set/v v0x9442358_0, 8, 20;
    %fork TD_pacoblaze3_tb.dut.execute, S_0x94422d8;
    %join;
T_20.5 ;
    %jmp T_20.3;
T_20.2 ;
    %load/v 8, v0x9446160_0, 1;
    %jmp/0xz  T_20.6, 8;
    %load/v 8, v0x9444898_0, 1;
    %ix/load 0, 1, 0;
    %assign/v0 v0x9445e30_0, 0, 8;
    %load/v 8, v0x9444848_0, 1;
    %ix/load 0, 1, 0;
    %assign/v0 v0x9444908_0, 0, 8;
T_20.6 ;
T_20.3 ;
    %end;
    .scope S_0x940e5a0;
t_13 %join;
T_20.1 ;
    %end;
    .scope S_0x9416d80;
t_9 %join;
    %jmp T_20;
    .thread T_20;
    .scope S_0x94121c8;
T_21 ;
    %delay 50, 0;
    %load/v 8, v0x9446768_0, 1;
    %inv 8, 1;
    %set/v v0x9446768_0, 8, 1;
    %jmp T_21;
    .thread T_21;
    .scope S_0x94121c8;
T_22 ;
    %wait E_0x940e4b8;
    %load/v 8, v0x9446b10_0, 1;
    %jmp/0xz  T_22.0, 8;
    %load/v 8, v0x94469e8_0, 8;
    %ix/getv 3, v0x94468f8_0;
    %jmp/1 t_15, 4;
    %ix/load 0, 8, 0; word width
    %ix/load 1, 0, 0; part off
    %assign/av v0x9446998, 0, 8;
t_15 ;
T_22.0 ;
    %jmp T_22;
    .thread T_22;
    .scope S_0x94121c8;
T_23 ;
    %wait E_0x93c78e0;
    %load/v 8, v0x9445d90_0, 1;
    %jmp/0xz  T_23.0, 8;
    %load/v 8, v0x9445600_0, 1;
    %jmp/0  T_23.2, 8;
    %movi 241, 93, 8;
    %mov 9, 241, 8;
    %load/v 17, v0x9444680_0, 216;
    %movi 249, 91, 8;
    %mov 233, 249, 8;
    %jmp/1  T_23.4, 8;
T_23.2 ; End of true expr.
    %movi 241, 0, 32;
    %movi 273, 0, 32;
    %movi 305, 0, 32;
    %movi 337, 0, 32;
    %movi 369, 0, 32;
    %movi 401, 0, 32;
    %movi 433, 0, 32;
    %movi 465, 0, 8;
    %jmp/0  T_23.3, 8;
 ; End of false expr.
    %blend  9, 241, 232; Condition unknown.
    %jmp  T_23.4;
T_23.3 ;
    %mov 9, 241, 232; Return false value
T_23.4 ;
    %vpi_call 2 107 "$display", "%h:%h %s %s", v0x9446718_0, v0x94467b8_0, v0x9444b50_0, T<9,232,u>;
T_23.0 ;
    %jmp T_23;
    .thread T_23;
    .scope S_0x94121c8;
T_24 ;
    %vpi_call 2 115 "$dumpvars", 3'sb111, S_0x9416d80;
    %vpi_call 2 116 "$dumpfile", "pacoblaze3_tb.vcd";
    %vpi_call 2 117 "$readmemh", "../test/adc_ctrl.rmh", v0x9446570;
    %end;
    .thread T_24;
    .scope S_0x94121c8;
T_25 ;
    %set/v v0x9446808_0, 0, 32;
T_25.0 ;
    %load/v 8, v0x9446808_0, 32;
   %cmpi/u 8, 256, 32;
    %jmp/0xz T_25.1, 5;
    %load/v 8, v0x9446808_0, 32;
    %ix/getv/s 3, v0x9446808_0;
   %jmp/1 t_16, 4;
   %ix/load 1, 0, 0;
   %set/av v0x9446998, 8, 8;
t_16 ;
    %ix/load 0, 1, 0;
    %load/vp0/s 8, v0x9446808_0, 32;
    %set/v v0x9446808_0, 8, 32;
    %jmp T_25.0;
T_25.1 ;
    %set/v v0x9446768_0, 0, 1;
    %set/v v0x9446ac0_0, 1, 1;
    %set/v v0x94468a8_0, 0, 1;
    %delay 200, 0;
    %wait E_0x93c78e0;
    %set/v v0x9446ac0_0, 0, 1;
    %delay 10000, 0;
    %wait E_0x93c78e0;
    %set/v v0x94468a8_0, 1, 1;
    %vpi_call 2 130 "$display", "*IRQ*";
    %wait E_0x93c78e0;
    %set/v v0x94468a8_0, 0, 1;
    %delay 201000, 0;
    %vpi_call 2 134 "$finish";
    %end;
    .thread T_25;
# The file index is used to find the file name in the following table.
:file_names 11;
    "N/A";
    "<interactive>";
    "pacoblaze3_tb.v";
    "blockram.v";
    "./pacoblaze.v";
    "./pacoblaze_idu.v";
    "./pacoblaze_util.v";
    "./pacoblaze_alu.v";
    "./pacoblaze_register.v";
    "./pacoblaze_stack.v";
    "./pacoblaze_scratch.v";
